CRITICAL - 2026-07-21 04:43:12 --> ErrorException: Undefined variable $nom
[Method: GET, Route: backoffice/dashboard]
in APPPATH/Views/backoffice/dashboard.php on line 7.
 1 APPPATH/Views/backoffice/dashboard.php(7): CodeIgniter\Debug\Exceptions->errorHandler()
 2 SYSTEMPATH/View/View.php(240): include('/home/tomefy/Documents/SI/MobileMoney/app/Views/backoffice/dashboard.php')
 3 SYSTEMPATH/View/View.php(243): CodeIgniter\View\View->{closure:CodeIgniter\View\View::render():237}()
 4 SYSTEMPATH/Common.php(1250): CodeIgniter\View\View->render()
 5 APPPATH/Controllers/DashboardController.php(33): view()
 6 SYSTEMPATH/CodeIgniter.php(951): App\Controllers\DashboardController->index()
 7 SYSTEMPATH/CodeIgniter.php(497): CodeIgniter\CodeIgniter->runController()
 8 SYSTEMPATH/CodeIgniter.php(340): CodeIgniter\CodeIgniter->handleRequest()
 9 SYSTEMPATH/Boot.php(417): CodeIgniter\CodeIgniter->run()
10 SYSTEMPATH/Boot.php(68): CodeIgniter\Boot::runCodeIgniter()
11 FCPATH/index.php(59): CodeIgniter\Boot::bootWeb()
12 SYSTEMPATH/rewrite.php(44): require_once('/home/tomefy/Documents/SI/MobileMoney/public/index.php')
ERROR - 2026-07-21 07:19:12 --> Unable to prepare statement: no such table: t_promotion
in SYSTEMPATH/Database/SQLite3/Connection.php on line 164.
 1 SYSTEMPATH/Database/SQLite3/Connection.php(164): SQLite3->query()
 2 SYSTEMPATH/Database/BaseConnection.php(910): CodeIgniter\Database\SQLite3\Connection->execute()
 3 SYSTEMPATH/Database/BaseConnection.php(827): CodeIgniter\Database\BaseConnection->simpleQuery()
 4 SYSTEMPATH/Database/BaseBuilder.php(1649): CodeIgniter\Database\BaseConnection->query()
 5 APPPATH/Models/TarifOperationModel.php(50): CodeIgniter\Database\BaseBuilder->get()
 6 APPPATH/Models/TarifOperationModel.php(29): App\Models\TarifOperationModel->getPromotion()
 7 APPPATH/Controllers/TransactionController.php(182): App\Models\TarifOperationModel->getTarif()
 8 SYSTEMPATH/CodeIgniter.php(951): App\Controllers\TransactionController->getFraisTransfert()
 9 SYSTEMPATH/CodeIgniter.php(497): CodeIgniter\CodeIgniter->runController()
10 SYSTEMPATH/CodeIgniter.php(340): CodeIgniter\CodeIgniter->handleRequest()
11 SYSTEMPATH/Boot.php(417): CodeIgniter\CodeIgniter->run()
12 SYSTEMPATH/Boot.php(68): CodeIgniter\Boot::runCodeIgniter()
13 FCPATH/index.php(59): CodeIgniter\Boot::bootWeb()
14 SYSTEMPATH/rewrite.php(44): require_once('/home/tomefy/Documents/SI/MobileMoney/public/index.php')
CRITICAL - 2026-07-21 07:19:12 --> CodeIgniter\Database\Exceptions\DatabaseException: Unable to prepare statement: no such table: t_promotion
[Method: GET, Route: client/get-frais-transfert]
in SYSTEMPATH/Database/BaseConnection.php on line 865.
 1 SYSTEMPATH/Database/BaseBuilder.php(1649): CodeIgniter\Database\BaseConnection->query()
 2 APPPATH/Models/TarifOperationModel.php(50): CodeIgniter\Database\BaseBuilder->get()
 3 APPPATH/Models/TarifOperationModel.php(29): App\Models\TarifOperationModel->getPromotion()
 4 APPPATH/Controllers/TransactionController.php(182): App\Models\TarifOperationModel->getTarif()
 5 SYSTEMPATH/CodeIgniter.php(951): App\Controllers\TransactionController->getFraisTransfert()
 6 SYSTEMPATH/CodeIgniter.php(497): CodeIgniter\CodeIgniter->runController()
 7 SYSTEMPATH/CodeIgniter.php(340): CodeIgniter\CodeIgniter->handleRequest()
 8 SYSTEMPATH/Boot.php(417): CodeIgniter\CodeIgniter->run()
 9 SYSTEMPATH/Boot.php(68): CodeIgniter\Boot::runCodeIgniter()
10 FCPATH/index.php(59): CodeIgniter\Boot::bootWeb()
11 SYSTEMPATH/rewrite.php(44): require_once('/home/tomefy/Documents/SI/MobileMoney/public/index.php')
CRITICAL - 2026-07-21 07:19:12 --> [Caused by] CodeIgniter\Database\Exceptions\DatabaseException: Unable to prepare statement: no such table: t_promotion
in SYSTEMPATH/Database/SQLite3/Connection.php on line 174.
 1 SYSTEMPATH/Database/BaseConnection.php(910): CodeIgniter\Database\SQLite3\Connection->execute()
 2 SYSTEMPATH/Database/BaseConnection.php(827): CodeIgniter\Database\BaseConnection->simpleQuery()
 3 SYSTEMPATH/Database/BaseBuilder.php(1649): CodeIgniter\Database\BaseConnection->query()
 4 APPPATH/Models/TarifOperationModel.php(50): CodeIgniter\Database\BaseBuilder->get()
 5 APPPATH/Models/TarifOperationModel.php(29): App\Models\TarifOperationModel->getPromotion()
 6 APPPATH/Controllers/TransactionController.php(182): App\Models\TarifOperationModel->getTarif()
 7 SYSTEMPATH/CodeIgniter.php(951): App\Controllers\TransactionController->getFraisTransfert()
 8 SYSTEMPATH/CodeIgniter.php(497): CodeIgniter\CodeIgniter->runController()
 9 SYSTEMPATH/CodeIgniter.php(340): CodeIgniter\CodeIgniter->handleRequest()
10 SYSTEMPATH/Boot.php(417): CodeIgniter\CodeIgniter->run()
11 SYSTEMPATH/Boot.php(68): CodeIgniter\Boot::runCodeIgniter()
12 FCPATH/index.php(59): CodeIgniter\Boot::bootWeb()
13 SYSTEMPATH/rewrite.php(44): require_once('/home/tomefy/Documents/SI/MobileMoney/public/index.php')
CRITICAL - 2026-07-21 07:19:12 --> [Caused by] SQLite3Exception: Unable to prepare statement: no such table: t_promotion
in SYSTEMPATH/Database/SQLite3/Connection.php on line 164.
 1 SYSTEMPATH/Database/SQLite3/Connection.php(164): SQLite3->query()
 2 SYSTEMPATH/Database/BaseConnection.php(910): CodeIgniter\Database\SQLite3\Connection->execute()
 3 SYSTEMPATH/Database/BaseConnection.php(827): CodeIgniter\Database\BaseConnection->simpleQuery()
 4 SYSTEMPATH/Database/BaseBuilder.php(1649): CodeIgniter\Database\BaseConnection->query()
 5 APPPATH/Models/TarifOperationModel.php(50): CodeIgniter\Database\BaseBuilder->get()
 6 APPPATH/Models/TarifOperationModel.php(29): App\Models\TarifOperationModel->getPromotion()
 7 APPPATH/Controllers/TransactionController.php(182): App\Models\TarifOperationModel->getTarif()
 8 SYSTEMPATH/CodeIgniter.php(951): App\Controllers\TransactionController->getFraisTransfert()
 9 SYSTEMPATH/CodeIgniter.php(497): CodeIgniter\CodeIgniter->runController()
10 SYSTEMPATH/CodeIgniter.php(340): CodeIgniter\CodeIgniter->handleRequest()
11 SYSTEMPATH/Boot.php(417): CodeIgniter\CodeIgniter->run()
12 SYSTEMPATH/Boot.php(68): CodeIgniter\Boot::runCodeIgniter()
13 FCPATH/index.php(59): CodeIgniter\Boot::bootWeb()
14 SYSTEMPATH/rewrite.php(44): require_once('/home/tomefy/Documents/SI/MobileMoney/public/index.php')
ERROR - 2026-07-21 07:19:13 --> Unable to prepare statement: no such table: t_promotion
in SYSTEMPATH/Database/SQLite3/Connection.php on line 164.
 1 SYSTEMPATH/Database/SQLite3/Connection.php(164): SQLite3->query()
 2 SYSTEMPATH/Database/BaseConnection.php(910): CodeIgniter\Database\SQLite3\Connection->execute()
 3 SYSTEMPATH/Database/BaseConnection.php(827): CodeIgniter\Database\BaseConnection->simpleQuery()
 4 SYSTEMPATH/Database/BaseBuilder.php(1649): CodeIgniter\Database\BaseConnection->query()
 5 APPPATH/Models/TarifOperationModel.php(50): CodeIgniter\Database\BaseBuilder->get()
 6 APPPATH/Models/TarifOperationModel.php(29): App\Models\TarifOperationModel->getPromotion()
 7 APPPATH/Controllers/TransactionController.php(182): App\Models\TarifOperationModel->getTarif()
 8 SYSTEMPATH/CodeIgniter.php(951): App\Controllers\TransactionController->getFraisTransfert()
 9 SYSTEMPATH/CodeIgniter.php(497): CodeIgniter\CodeIgniter->runController()
10 SYSTEMPATH/CodeIgniter.php(340): CodeIgniter\CodeIgniter->handleRequest()
11 SYSTEMPATH/Boot.php(417): CodeIgniter\CodeIgniter->run()
12 SYSTEMPATH/Boot.php(68): CodeIgniter\Boot::runCodeIgniter()
13 FCPATH/index.php(59): CodeIgniter\Boot::bootWeb()
14 SYSTEMPATH/rewrite.php(44): require_once('/home/tomefy/Documents/SI/MobileMoney/public/index.php')
CRITICAL - 2026-07-21 07:19:13 --> CodeIgniter\Database\Exceptions\DatabaseException: Unable to prepare statement: no such table: t_promotion
[Method: GET, Route: client/get-frais-transfert]
in SYSTEMPATH/Database/BaseConnection.php on line 865.
 1 SYSTEMPATH/Database/BaseBuilder.php(1649): CodeIgniter\Database\BaseConnection->query()
 2 APPPATH/Models/TarifOperationModel.php(50): CodeIgniter\Database\BaseBuilder->get()
 3 APPPATH/Models/TarifOperationModel.php(29): App\Models\TarifOperationModel->getPromotion()
 4 APPPATH/Controllers/TransactionController.php(182): App\Models\TarifOperationModel->getTarif()
 5 SYSTEMPATH/CodeIgniter.php(951): App\Controllers\TransactionController->getFraisTransfert()
 6 SYSTEMPATH/CodeIgniter.php(497): CodeIgniter\CodeIgniter->runController()
 7 SYSTEMPATH/CodeIgniter.php(340): CodeIgniter\CodeIgniter->handleRequest()
 8 SYSTEMPATH/Boot.php(417): CodeIgniter\CodeIgniter->run()
 9 SYSTEMPATH/Boot.php(68): CodeIgniter\Boot::runCodeIgniter()
10 FCPATH/index.php(59): CodeIgniter\Boot::bootWeb()
11 SYSTEMPATH/rewrite.php(44): require_once('/home/tomefy/Documents/SI/MobileMoney/public/index.php')
CRITICAL - 2026-07-21 07:19:13 --> [Caused by] CodeIgniter\Database\Exceptions\DatabaseException: Unable to prepare statement: no such table: t_promotion
in SYSTEMPATH/Database/SQLite3/Connection.php on line 174.
 1 SYSTEMPATH/Database/BaseConnection.php(910): CodeIgniter\Database\SQLite3\Connection->execute()
 2 SYSTEMPATH/Database/BaseConnection.php(827): CodeIgniter\Database\BaseConnection->simpleQuery()
 3 SYSTEMPATH/Database/BaseBuilder.php(1649): CodeIgniter\Database\BaseConnection->query()
 4 APPPATH/Models/TarifOperationModel.php(50): CodeIgniter\Database\BaseBuilder->get()
 5 APPPATH/Models/TarifOperationModel.php(29): App\Models\TarifOperationModel->getPromotion()
 6 APPPATH/Controllers/TransactionController.php(182): App\Models\TarifOperationModel->getTarif()
 7 SYSTEMPATH/CodeIgniter.php(951): App\Controllers\TransactionController->getFraisTransfert()
 8 SYSTEMPATH/CodeIgniter.php(497): CodeIgniter\CodeIgniter->runController()
 9 SYSTEMPATH/CodeIgniter.php(340): CodeIgniter\CodeIgniter->handleRequest()
10 SYSTEMPATH/Boot.php(417): CodeIgniter\CodeIgniter->run()
11 SYSTEMPATH/Boot.php(68): CodeIgniter\Boot::runCodeIgniter()
12 FCPATH/index.php(59): CodeIgniter\Boot::bootWeb()
13 SYSTEMPATH/rewrite.php(44): require_once('/home/tomefy/Documents/SI/MobileMoney/public/index.php')
CRITICAL - 2026-07-21 07:19:13 --> [Caused by] SQLite3Exception: Unable to prepare statement: no such table: t_promotion
in SYSTEMPATH/Database/SQLite3/Connection.php on line 164.
 1 SYSTEMPATH/Database/SQLite3/Connection.php(164): SQLite3->query()
 2 SYSTEMPATH/Database/BaseConnection.php(910): CodeIgniter\Database\SQLite3\Connection->execute()
 3 SYSTEMPATH/Database/BaseConnection.php(827): CodeIgniter\Database\BaseConnection->simpleQuery()
 4 SYSTEMPATH/Database/BaseBuilder.php(1649): CodeIgniter\Database\BaseConnection->query()
 5 APPPATH/Models/TarifOperationModel.php(50): CodeIgniter\Database\BaseBuilder->get()
 6 APPPATH/Models/TarifOperationModel.php(29): App\Models\TarifOperationModel->getPromotion()
 7 APPPATH/Controllers/TransactionController.php(182): App\Models\TarifOperationModel->getTarif()
 8 SYSTEMPATH/CodeIgniter.php(951): App\Controllers\TransactionController->getFraisTransfert()
 9 SYSTEMPATH/CodeIgniter.php(497): CodeIgniter\CodeIgniter->runController()
10 SYSTEMPATH/CodeIgniter.php(340): CodeIgniter\CodeIgniter->handleRequest()
11 SYSTEMPATH/Boot.php(417): CodeIgniter\CodeIgniter->run()
12 SYSTEMPATH/Boot.php(68): CodeIgniter\Boot::runCodeIgniter()
13 FCPATH/index.php(59): CodeIgniter\Boot::bootWeb()
14 SYSTEMPATH/rewrite.php(44): require_once('/home/tomefy/Documents/SI/MobileMoney/public/index.php')
ERROR - 2026-07-21 07:19:13 --> Unable to prepare statement: no such table: t_promotion
in SYSTEMPATH/Database/SQLite3/Connection.php on line 164.
 1 SYSTEMPATH/Database/SQLite3/Connection.php(164): SQLite3->query()
 2 SYSTEMPATH/Database/BaseConnection.php(910): CodeIgniter\Database\SQLite3\Connection->execute()
 3 SYSTEMPATH/Database/BaseConnection.php(827): CodeIgniter\Database\BaseConnection->simpleQuery()
 4 SYSTEMPATH/Database/BaseBuilder.php(1649): CodeIgniter\Database\BaseConnection->query()
 5 APPPATH/Models/TarifOperationModel.php(50): CodeIgniter\Database\BaseBuilder->get()
 6 APPPATH/Models/TarifOperationModel.php(29): App\Models\TarifOperationModel->getPromotion()
 7 APPPATH/Controllers/TransactionController.php(182): App\Models\TarifOperationModel->getTarif()
 8 SYSTEMPATH/CodeIgniter.php(951): App\Controllers\TransactionController->getFraisTransfert()
 9 SYSTEMPATH/CodeIgniter.php(497): CodeIgniter\CodeIgniter->runController()
10 SYSTEMPATH/CodeIgniter.php(340): CodeIgniter\CodeIgniter->handleRequest()
11 SYSTEMPATH/Boot.php(417): CodeIgniter\CodeIgniter->run()
12 SYSTEMPATH/Boot.php(68): CodeIgniter\Boot::runCodeIgniter()
13 FCPATH/index.php(59): CodeIgniter\Boot::bootWeb()
14 SYSTEMPATH/rewrite.php(44): require_once('/home/tomefy/Documents/SI/MobileMoney/public/index.php')
CRITICAL - 2026-07-21 07:19:13 --> CodeIgniter\Database\Exceptions\DatabaseException: Unable to prepare statement: no such table: t_promotion
[Method: GET, Route: client/get-frais-transfert]
in SYSTEMPATH/Database/BaseConnection.php on line 865.
 1 SYSTEMPATH/Database/BaseBuilder.php(1649): CodeIgniter\Database\BaseConnection->query()
 2 APPPATH/Models/TarifOperationModel.php(50): CodeIgniter\Database\BaseBuilder->get()
 3 APPPATH/Models/TarifOperationModel.php(29): App\Models\TarifOperationModel->getPromotion()
 4 APPPATH/Controllers/TransactionController.php(182): App\Models\TarifOperationModel->getTarif()
 5 SYSTEMPATH/CodeIgniter.php(951): App\Controllers\TransactionController->getFraisTransfert()
 6 SYSTEMPATH/CodeIgniter.php(497): CodeIgniter\CodeIgniter->runController()
 7 SYSTEMPATH/CodeIgniter.php(340): CodeIgniter\CodeIgniter->handleRequest()
 8 SYSTEMPATH/Boot.php(417): CodeIgniter\CodeIgniter->run()
 9 SYSTEMPATH/Boot.php(68): CodeIgniter\Boot::runCodeIgniter()
10 FCPATH/index.php(59): CodeIgniter\Boot::bootWeb()
11 SYSTEMPATH/rewrite.php(44): require_once('/home/tomefy/Documents/SI/MobileMoney/public/index.php')
CRITICAL - 2026-07-21 07:19:13 --> [Caused by] CodeIgniter\Database\Exceptions\DatabaseException: Unable to prepare statement: no such table: t_promotion
in SYSTEMPATH/Database/SQLite3/Connection.php on line 174.
 1 SYSTEMPATH/Database/BaseConnection.php(910): CodeIgniter\Database\SQLite3\Connection->execute()
 2 SYSTEMPATH/Database/BaseConnection.php(827): CodeIgniter\Database\BaseConnection->simpleQuery()
 3 SYSTEMPATH/Database/BaseBuilder.php(1649): CodeIgniter\Database\BaseConnection->query()
 4 APPPATH/Models/TarifOperationModel.php(50): CodeIgniter\Database\BaseBuilder->get()
 5 APPPATH/Models/TarifOperationModel.php(29): App\Models\TarifOperationModel->getPromotion()
 6 APPPATH/Controllers/TransactionController.php(182): App\Models\TarifOperationModel->getTarif()
 7 SYSTEMPATH/CodeIgniter.php(951): App\Controllers\TransactionController->getFraisTransfert()
 8 SYSTEMPATH/CodeIgniter.php(497): CodeIgniter\CodeIgniter->runController()
 9 SYSTEMPATH/CodeIgniter.php(340): CodeIgniter\CodeIgniter->handleRequest()
10 SYSTEMPATH/Boot.php(417): CodeIgniter\CodeIgniter->run()
11 SYSTEMPATH/Boot.php(68): CodeIgniter\Boot::runCodeIgniter()
12 FCPATH/index.php(59): CodeIgniter\Boot::bootWeb()
13 SYSTEMPATH/rewrite.php(44): require_once('/home/tomefy/Documents/SI/MobileMoney/public/index.php')
CRITICAL - 2026-07-21 07:19:13 --> [Caused by] SQLite3Exception: Unable to prepare statement: no such table: t_promotion
in SYSTEMPATH/Database/SQLite3/Connection.php on line 164.
 1 SYSTEMPATH/Database/SQLite3/Connection.php(164): SQLite3->query()
 2 SYSTEMPATH/Database/BaseConnection.php(910): CodeIgniter\Database\SQLite3\Connection->execute()
 3 SYSTEMPATH/Database/BaseConnection.php(827): CodeIgniter\Database\BaseConnection->simpleQuery()
 4 SYSTEMPATH/Database/BaseBuilder.php(1649): CodeIgniter\Database\BaseConnection->query()
 5 APPPATH/Models/TarifOperationModel.php(50): CodeIgniter\Database\BaseBuilder->get()
 6 APPPATH/Models/TarifOperationModel.php(29): App\Models\TarifOperationModel->getPromotion()
 7 APPPATH/Controllers/TransactionController.php(182): App\Models\TarifOperationModel->getTarif()
 8 SYSTEMPATH/CodeIgniter.php(951): App\Controllers\TransactionController->getFraisTransfert()
 9 SYSTEMPATH/CodeIgniter.php(497): CodeIgniter\CodeIgniter->runController()
10 SYSTEMPATH/CodeIgniter.php(340): CodeIgniter\CodeIgniter->handleRequest()
11 SYSTEMPATH/Boot.php(417): CodeIgniter\CodeIgniter->run()
12 SYSTEMPATH/Boot.php(68): CodeIgniter\Boot::runCodeIgniter()
13 FCPATH/index.php(59): CodeIgniter\Boot::bootWeb()
14 SYSTEMPATH/rewrite.php(44): require_once('/home/tomefy/Documents/SI/MobileMoney/public/index.php')
ERROR - 2026-07-21 07:19:13 --> Unable to prepare statement: no such table: t_promotion
in SYSTEMPATH/Database/SQLite3/Connection.php on line 164.
 1 SYSTEMPATH/Database/SQLite3/Connection.php(164): SQLite3->query()
 2 SYSTEMPATH/Database/BaseConnection.php(910): CodeIgniter\Database\SQLite3\Connection->execute()
 3 SYSTEMPATH/Database/BaseConnection.php(827): CodeIgniter\Database\BaseConnection->simpleQuery()
 4 SYSTEMPATH/Database/BaseBuilder.php(1649): CodeIgniter\Database\BaseConnection->query()
 5 APPPATH/Models/TarifOperationModel.php(50): CodeIgniter\Database\BaseBuilder->get()
 6 APPPATH/Models/TarifOperationModel.php(29): App\Models\TarifOperationModel->getPromotion()
 7 APPPATH/Controllers/TransactionController.php(182): App\Models\TarifOperationModel->getTarif()
 8 SYSTEMPATH/CodeIgniter.php(951): App\Controllers\TransactionController->getFraisTransfert()
 9 SYSTEMPATH/CodeIgniter.php(497): CodeIgniter\CodeIgniter->runController()
10 SYSTEMPATH/CodeIgniter.php(340): CodeIgniter\CodeIgniter->handleRequest()
11 SYSTEMPATH/Boot.php(417): CodeIgniter\CodeIgniter->run()
12 SYSTEMPATH/Boot.php(68): CodeIgniter\Boot::runCodeIgniter()
13 FCPATH/index.php(59): CodeIgniter\Boot::bootWeb()
14 SYSTEMPATH/rewrite.php(44): require_once('/home/tomefy/Documents/SI/MobileMoney/public/index.php')
CRITICAL - 2026-07-21 07:19:13 --> CodeIgniter\Database\Exceptions\DatabaseException: Unable to prepare statement: no such table: t_promotion
[Method: GET, Route: client/get-frais-transfert]
in SYSTEMPATH/Database/BaseConnection.php on line 865.
 1 SYSTEMPATH/Database/BaseBuilder.php(1649): CodeIgniter\Database\BaseConnection->query()
 2 APPPATH/Models/TarifOperationModel.php(50): CodeIgniter\Database\BaseBuilder->get()
 3 APPPATH/Models/TarifOperationModel.php(29): App\Models\TarifOperationModel->getPromotion()
 4 APPPATH/Controllers/TransactionController.php(182): App\Models\TarifOperationModel->getTarif()
 5 SYSTEMPATH/CodeIgniter.php(951): App\Controllers\TransactionController->getFraisTransfert()
 6 SYSTEMPATH/CodeIgniter.php(497): CodeIgniter\CodeIgniter->runController()
 7 SYSTEMPATH/CodeIgniter.php(340): CodeIgniter\CodeIgniter->handleRequest()
 8 SYSTEMPATH/Boot.php(417): CodeIgniter\CodeIgniter->run()
 9 SYSTEMPATH/Boot.php(68): CodeIgniter\Boot::runCodeIgniter()
10 FCPATH/index.php(59): CodeIgniter\Boot::bootWeb()
11 SYSTEMPATH/rewrite.php(44): require_once('/home/tomefy/Documents/SI/MobileMoney/public/index.php')
CRITICAL - 2026-07-21 07:19:13 --> [Caused by] CodeIgniter\Database\Exceptions\DatabaseException: Unable to prepare statement: no such table: t_promotion
in SYSTEMPATH/Database/SQLite3/Connection.php on line 174.
 1 SYSTEMPATH/Database/BaseConnection.php(910): CodeIgniter\Database\SQLite3\Connection->execute()
 2 SYSTEMPATH/Database/BaseConnection.php(827): CodeIgniter\Database\BaseConnection->simpleQuery()
 3 SYSTEMPATH/Database/BaseBuilder.php(1649): CodeIgniter\Database\BaseConnection->query()
 4 APPPATH/Models/TarifOperationModel.php(50): CodeIgniter\Database\BaseBuilder->get()
 5 APPPATH/Models/TarifOperationModel.php(29): App\Models\TarifOperationModel->getPromotion()
 6 APPPATH/Controllers/TransactionController.php(182): App\Models\TarifOperationModel->getTarif()
 7 SYSTEMPATH/CodeIgniter.php(951): App\Controllers\TransactionController->getFraisTransfert()
 8 SYSTEMPATH/CodeIgniter.php(497): CodeIgniter\CodeIgniter->runController()
 9 SYSTEMPATH/CodeIgniter.php(340): CodeIgniter\CodeIgniter->handleRequest()
10 SYSTEMPATH/Boot.php(417): CodeIgniter\CodeIgniter->run()
11 SYSTEMPATH/Boot.php(68): CodeIgniter\Boot::runCodeIgniter()
12 FCPATH/index.php(59): CodeIgniter\Boot::bootWeb()
13 SYSTEMPATH/rewrite.php(44): require_once('/home/tomefy/Documents/SI/MobileMoney/public/index.php')
CRITICAL - 2026-07-21 07:19:13 --> [Caused by] SQLite3Exception: Unable to prepare statement: no such table: t_promotion
in SYSTEMPATH/Database/SQLite3/Connection.php on line 164.
 1 SYSTEMPATH/Database/SQLite3/Connection.php(164): SQLite3->query()
 2 SYSTEMPATH/Database/BaseConnection.php(910): CodeIgniter\Database\SQLite3\Connection->execute()
 3 SYSTEMPATH/Database/BaseConnection.php(827): CodeIgniter\Database\BaseConnection->simpleQuery()
 4 SYSTEMPATH/Database/BaseBuilder.php(1649): CodeIgniter\Database\BaseConnection->query()
 5 APPPATH/Models/TarifOperationModel.php(50): CodeIgniter\Database\BaseBuilder->get()
 6 APPPATH/Models/TarifOperationModel.php(29): App\Models\TarifOperationModel->getPromotion()
 7 APPPATH/Controllers/TransactionController.php(182): App\Models\TarifOperationModel->getTarif()
 8 SYSTEMPATH/CodeIgniter.php(951): App\Controllers\TransactionController->getFraisTransfert()
 9 SYSTEMPATH/CodeIgniter.php(497): CodeIgniter\CodeIgniter->runController()
10 SYSTEMPATH/CodeIgniter.php(340): CodeIgniter\CodeIgniter->handleRequest()
11 SYSTEMPATH/Boot.php(417): CodeIgniter\CodeIgniter->run()
12 SYSTEMPATH/Boot.php(68): CodeIgniter\Boot::runCodeIgniter()
13 FCPATH/index.php(59): CodeIgniter\Boot::bootWeb()
14 SYSTEMPATH/rewrite.php(44): require_once('/home/tomefy/Documents/SI/MobileMoney/public/index.php')
ERROR - 2026-07-21 07:19:52 --> Unable to prepare statement: no such table: t_promotion
in SYSTEMPATH/Database/SQLite3/Connection.php on line 164.
 1 SYSTEMPATH/Database/SQLite3/Connection.php(164): SQLite3->query()
 2 SYSTEMPATH/Database/BaseConnection.php(910): CodeIgniter\Database\SQLite3\Connection->execute()
 3 SYSTEMPATH/Database/BaseConnection.php(827): CodeIgniter\Database\BaseConnection->simpleQuery()
 4 SYSTEMPATH/Database/BaseBuilder.php(1649): CodeIgniter\Database\BaseConnection->query()
 5 APPPATH/Models/TarifOperationModel.php(50): CodeIgniter\Database\BaseBuilder->get()
 6 APPPATH/Models/TarifOperationModel.php(29): App\Models\TarifOperationModel->getPromotion()
 7 APPPATH/Controllers/TransactionController.php(182): App\Models\TarifOperationModel->getTarif()
 8 SYSTEMPATH/CodeIgniter.php(951): App\Controllers\TransactionController->getFraisTransfert()
 9 SYSTEMPATH/CodeIgniter.php(497): CodeIgniter\CodeIgniter->runController()
10 SYSTEMPATH/CodeIgniter.php(340): CodeIgniter\CodeIgniter->handleRequest()
11 SYSTEMPATH/Boot.php(417): CodeIgniter\CodeIgniter->run()
12 SYSTEMPATH/Boot.php(68): CodeIgniter\Boot::runCodeIgniter()
13 FCPATH/index.php(59): CodeIgniter\Boot::bootWeb()
14 SYSTEMPATH/rewrite.php(44): require_once('/home/tomefy/Documents/SI/MobileMoney/public/index.php')
CRITICAL - 2026-07-21 07:19:52 --> CodeIgniter\Database\Exceptions\DatabaseException: Unable to prepare statement: no such table: t_promotion
[Method: GET, Route: client/get-frais-transfert]
in SYSTEMPATH/Database/BaseConnection.php on line 865.
 1 SYSTEMPATH/Database/BaseBuilder.php(1649): CodeIgniter\Database\BaseConnection->query()
 2 APPPATH/Models/TarifOperationModel.php(50): CodeIgniter\Database\BaseBuilder->get()
 3 APPPATH/Models/TarifOperationModel.php(29): App\Models\TarifOperationModel->getPromotion()
 4 APPPATH/Controllers/TransactionController.php(182): App\Models\TarifOperationModel->getTarif()
 5 SYSTEMPATH/CodeIgniter.php(951): App\Controllers\TransactionController->getFraisTransfert()
 6 SYSTEMPATH/CodeIgniter.php(497): CodeIgniter\CodeIgniter->runController()
 7 SYSTEMPATH/CodeIgniter.php(340): CodeIgniter\CodeIgniter->handleRequest()
 8 SYSTEMPATH/Boot.php(417): CodeIgniter\CodeIgniter->run()
 9 SYSTEMPATH/Boot.php(68): CodeIgniter\Boot::runCodeIgniter()
10 FCPATH/index.php(59): CodeIgniter\Boot::bootWeb()
11 SYSTEMPATH/rewrite.php(44): require_once('/home/tomefy/Documents/SI/MobileMoney/public/index.php')
CRITICAL - 2026-07-21 07:19:52 --> [Caused by] CodeIgniter\Database\Exceptions\DatabaseException: Unable to prepare statement: no such table: t_promotion
in SYSTEMPATH/Database/SQLite3/Connection.php on line 174.
 1 SYSTEMPATH/Database/BaseConnection.php(910): CodeIgniter\Database\SQLite3\Connection->execute()
 2 SYSTEMPATH/Database/BaseConnection.php(827): CodeIgniter\Database\BaseConnection->simpleQuery()
 3 SYSTEMPATH/Database/BaseBuilder.php(1649): CodeIgniter\Database\BaseConnection->query()
 4 APPPATH/Models/TarifOperationModel.php(50): CodeIgniter\Database\BaseBuilder->get()
 5 APPPATH/Models/TarifOperationModel.php(29): App\Models\TarifOperationModel->getPromotion()
 6 APPPATH/Controllers/TransactionController.php(182): App\Models\TarifOperationModel->getTarif()
 7 SYSTEMPATH/CodeIgniter.php(951): App\Controllers\TransactionController->getFraisTransfert()
 8 SYSTEMPATH/CodeIgniter.php(497): CodeIgniter\CodeIgniter->runController()
 9 SYSTEMPATH/CodeIgniter.php(340): CodeIgniter\CodeIgniter->handleRequest()
10 SYSTEMPATH/Boot.php(417): CodeIgniter\CodeIgniter->run()
11 SYSTEMPATH/Boot.php(68): CodeIgniter\Boot::runCodeIgniter()
12 FCPATH/index.php(59): CodeIgniter\Boot::bootWeb()
13 SYSTEMPATH/rewrite.php(44): require_once('/home/tomefy/Documents/SI/MobileMoney/public/index.php')
CRITICAL - 2026-07-21 07:19:52 --> [Caused by] SQLite3Exception: Unable to prepare statement: no such table: t_promotion
in SYSTEMPATH/Database/SQLite3/Connection.php on line 164.
 1 SYSTEMPATH/Database/SQLite3/Connection.php(164): SQLite3->query()
 2 SYSTEMPATH/Database/BaseConnection.php(910): CodeIgniter\Database\SQLite3\Connection->execute()
 3 SYSTEMPATH/Database/BaseConnection.php(827): CodeIgniter\Database\BaseConnection->simpleQuery()
 4 SYSTEMPATH/Database/BaseBuilder.php(1649): CodeIgniter\Database\BaseConnection->query()
 5 APPPATH/Models/TarifOperationModel.php(50): CodeIgniter\Database\BaseBuilder->get()
 6 APPPATH/Models/TarifOperationModel.php(29): App\Models\TarifOperationModel->getPromotion()
 7 APPPATH/Controllers/TransactionController.php(182): App\Models\TarifOperationModel->getTarif()
 8 SYSTEMPATH/CodeIgniter.php(951): App\Controllers\TransactionController->getFraisTransfert()
 9 SYSTEMPATH/CodeIgniter.php(497): CodeIgniter\CodeIgniter->runController()
10 SYSTEMPATH/CodeIgniter.php(340): CodeIgniter\CodeIgniter->handleRequest()
11 SYSTEMPATH/Boot.php(417): CodeIgniter\CodeIgniter->run()
12 SYSTEMPATH/Boot.php(68): CodeIgniter\Boot::runCodeIgniter()
13 FCPATH/index.php(59): CodeIgniter\Boot::bootWeb()
14 SYSTEMPATH/rewrite.php(44): require_once('/home/tomefy/Documents/SI/MobileMoney/public/index.php')
ERROR - 2026-07-21 07:19:52 --> Unable to prepare statement: no such table: t_promotion
in SYSTEMPATH/Database/SQLite3/Connection.php on line 164.
 1 SYSTEMPATH/Database/SQLite3/Connection.php(164): SQLite3->query()
 2 SYSTEMPATH/Database/BaseConnection.php(910): CodeIgniter\Database\SQLite3\Connection->execute()
 3 SYSTEMPATH/Database/BaseConnection.php(827): CodeIgniter\Database\BaseConnection->simpleQuery()
 4 SYSTEMPATH/Database/BaseBuilder.php(1649): CodeIgniter\Database\BaseConnection->query()
 5 APPPATH/Models/TarifOperationModel.php(50): CodeIgniter\Database\BaseBuilder->get()
 6 APPPATH/Models/TarifOperationModel.php(29): App\Models\TarifOperationModel->getPromotion()
 7 APPPATH/Controllers/TransactionController.php(182): App\Models\TarifOperationModel->getTarif()
 8 SYSTEMPATH/CodeIgniter.php(951): App\Controllers\TransactionController->getFraisTransfert()
 9 SYSTEMPATH/CodeIgniter.php(497): CodeIgniter\CodeIgniter->runController()
10 SYSTEMPATH/CodeIgniter.php(340): CodeIgniter\CodeIgniter->handleRequest()
11 SYSTEMPATH/Boot.php(417): CodeIgniter\CodeIgniter->run()
12 SYSTEMPATH/Boot.php(68): CodeIgniter\Boot::runCodeIgniter()
13 FCPATH/index.php(59): CodeIgniter\Boot::bootWeb()
14 SYSTEMPATH/rewrite.php(44): require_once('/home/tomefy/Documents/SI/MobileMoney/public/index.php')
CRITICAL - 2026-07-21 07:19:52 --> CodeIgniter\Database\Exceptions\DatabaseException: Unable to prepare statement: no such table: t_promotion
[Method: GET, Route: client/get-frais-transfert]
in SYSTEMPATH/Database/BaseConnection.php on line 865.
 1 SYSTEMPATH/Database/BaseBuilder.php(1649): CodeIgniter\Database\BaseConnection->query()
 2 APPPATH/Models/TarifOperationModel.php(50): CodeIgniter\Database\BaseBuilder->get()
 3 APPPATH/Models/TarifOperationModel.php(29): App\Models\TarifOperationModel->getPromotion()
 4 APPPATH/Controllers/TransactionController.php(182): App\Models\TarifOperationModel->getTarif()
 5 SYSTEMPATH/CodeIgniter.php(951): App\Controllers\TransactionController->getFraisTransfert()
 6 SYSTEMPATH/CodeIgniter.php(497): CodeIgniter\CodeIgniter->runController()
 7 SYSTEMPATH/CodeIgniter.php(340): CodeIgniter\CodeIgniter->handleRequest()
 8 SYSTEMPATH/Boot.php(417): CodeIgniter\CodeIgniter->run()
 9 SYSTEMPATH/Boot.php(68): CodeIgniter\Boot::runCodeIgniter()
10 FCPATH/index.php(59): CodeIgniter\Boot::bootWeb()
11 SYSTEMPATH/rewrite.php(44): require_once('/home/tomefy/Documents/SI/MobileMoney/public/index.php')
CRITICAL - 2026-07-21 07:19:52 --> [Caused by] CodeIgniter\Database\Exceptions\DatabaseException: Unable to prepare statement: no such table: t_promotion
in SYSTEMPATH/Database/SQLite3/Connection.php on line 174.
 1 SYSTEMPATH/Database/BaseConnection.php(910): CodeIgniter\Database\SQLite3\Connection->execute()
 2 SYSTEMPATH/Database/BaseConnection.php(827): CodeIgniter\Database\BaseConnection->simpleQuery()
 3 SYSTEMPATH/Database/BaseBuilder.php(1649): CodeIgniter\Database\BaseConnection->query()
 4 APPPATH/Models/TarifOperationModel.php(50): CodeIgniter\Database\BaseBuilder->get()
 5 APPPATH/Models/TarifOperationModel.php(29): App\Models\TarifOperationModel->getPromotion()
 6 APPPATH/Controllers/TransactionController.php(182): App\Models\TarifOperationModel->getTarif()
 7 SYSTEMPATH/CodeIgniter.php(951): App\Controllers\TransactionController->getFraisTransfert()
 8 SYSTEMPATH/CodeIgniter.php(497): CodeIgniter\CodeIgniter->runController()
 9 SYSTEMPATH/CodeIgniter.php(340): CodeIgniter\CodeIgniter->handleRequest()
10 SYSTEMPATH/Boot.php(417): CodeIgniter\CodeIgniter->run()
11 SYSTEMPATH/Boot.php(68): CodeIgniter\Boot::runCodeIgniter()
12 FCPATH/index.php(59): CodeIgniter\Boot::bootWeb()
13 SYSTEMPATH/rewrite.php(44): require_once('/home/tomefy/Documents/SI/MobileMoney/public/index.php')
CRITICAL - 2026-07-21 07:19:52 --> [Caused by] SQLite3Exception: Unable to prepare statement: no such table: t_promotion
in SYSTEMPATH/Database/SQLite3/Connection.php on line 164.
 1 SYSTEMPATH/Database/SQLite3/Connection.php(164): SQLite3->query()
 2 SYSTEMPATH/Database/BaseConnection.php(910): CodeIgniter\Database\SQLite3\Connection->execute()
 3 SYSTEMPATH/Database/BaseConnection.php(827): CodeIgniter\Database\BaseConnection->simpleQuery()
 4 SYSTEMPATH/Database/BaseBuilder.php(1649): CodeIgniter\Database\BaseConnection->query()
 5 APPPATH/Models/TarifOperationModel.php(50): CodeIgniter\Database\BaseBuilder->get()
 6 APPPATH/Models/TarifOperationModel.php(29): App\Models\TarifOperationModel->getPromotion()
 7 APPPATH/Controllers/TransactionController.php(182): App\Models\TarifOperationModel->getTarif()
 8 SYSTEMPATH/CodeIgniter.php(951): App\Controllers\TransactionController->getFraisTransfert()
 9 SYSTEMPATH/CodeIgniter.php(497): CodeIgniter\CodeIgniter->runController()
10 SYSTEMPATH/CodeIgniter.php(340): CodeIgniter\CodeIgniter->handleRequest()
11 SYSTEMPATH/Boot.php(417): CodeIgniter\CodeIgniter->run()
12 SYSTEMPATH/Boot.php(68): CodeIgniter\Boot::runCodeIgniter()
13 FCPATH/index.php(59): CodeIgniter\Boot::bootWeb()
14 SYSTEMPATH/rewrite.php(44): require_once('/home/tomefy/Documents/SI/MobileMoney/public/index.php')
ERROR - 2026-07-21 07:19:52 --> Unable to prepare statement: no such table: t_promotion
in SYSTEMPATH/Database/SQLite3/Connection.php on line 164.
 1 SYSTEMPATH/Database/SQLite3/Connection.php(164): SQLite3->query()
 2 SYSTEMPATH/Database/BaseConnection.php(910): CodeIgniter\Database\SQLite3\Connection->execute()
 3 SYSTEMPATH/Database/BaseConnection.php(827): CodeIgniter\Database\BaseConnection->simpleQuery()
 4 SYSTEMPATH/Database/BaseBuilder.php(1649): CodeIgniter\Database\BaseConnection->query()
 5 APPPATH/Models/TarifOperationModel.php(50): CodeIgniter\Database\BaseBuilder->get()
 6 APPPATH/Models/TarifOperationModel.php(29): App\Models\TarifOperationModel->getPromotion()
 7 APPPATH/Controllers/TransactionController.php(182): App\Models\TarifOperationModel->getTarif()
 8 SYSTEMPATH/CodeIgniter.php(951): App\Controllers\TransactionController->getFraisTransfert()
 9 SYSTEMPATH/CodeIgniter.php(497): CodeIgniter\CodeIgniter->runController()
10 SYSTEMPATH/CodeIgniter.php(340): CodeIgniter\CodeIgniter->handleRequest()
11 SYSTEMPATH/Boot.php(417): CodeIgniter\CodeIgniter->run()
12 SYSTEMPATH/Boot.php(68): CodeIgniter\Boot::runCodeIgniter()
13 FCPATH/index.php(59): CodeIgniter\Boot::bootWeb()
14 SYSTEMPATH/rewrite.php(44): require_once('/home/tomefy/Documents/SI/MobileMoney/public/index.php')
CRITICAL - 2026-07-21 07:19:52 --> CodeIgniter\Database\Exceptions\DatabaseException: Unable to prepare statement: no such table: t_promotion
[Method: GET, Route: client/get-frais-transfert]
in SYSTEMPATH/Database/BaseConnection.php on line 865.
 1 SYSTEMPATH/Database/BaseBuilder.php(1649): CodeIgniter\Database\BaseConnection->query()
 2 APPPATH/Models/TarifOperationModel.php(50): CodeIgniter\Database\BaseBuilder->get()
 3 APPPATH/Models/TarifOperationModel.php(29): App\Models\TarifOperationModel->getPromotion()
 4 APPPATH/Controllers/TransactionController.php(182): App\Models\TarifOperationModel->getTarif()
 5 SYSTEMPATH/CodeIgniter.php(951): App\Controllers\TransactionController->getFraisTransfert()
 6 SYSTEMPATH/CodeIgniter.php(497): CodeIgniter\CodeIgniter->runController()
 7 SYSTEMPATH/CodeIgniter.php(340): CodeIgniter\CodeIgniter->handleRequest()
 8 SYSTEMPATH/Boot.php(417): CodeIgniter\CodeIgniter->run()
 9 SYSTEMPATH/Boot.php(68): CodeIgniter\Boot::runCodeIgniter()
10 FCPATH/index.php(59): CodeIgniter\Boot::bootWeb()
11 SYSTEMPATH/rewrite.php(44): require_once('/home/tomefy/Documents/SI/MobileMoney/public/index.php')
CRITICAL - 2026-07-21 07:19:52 --> [Caused by] CodeIgniter\Database\Exceptions\DatabaseException: Unable to prepare statement: no such table: t_promotion
in SYSTEMPATH/Database/SQLite3/Connection.php on line 174.
 1 SYSTEMPATH/Database/BaseConnection.php(910): CodeIgniter\Database\SQLite3\Connection->execute()
 2 SYSTEMPATH/Database/BaseConnection.php(827): CodeIgniter\Database\BaseConnection->simpleQuery()
 3 SYSTEMPATH/Database/BaseBuilder.php(1649): CodeIgniter\Database\BaseConnection->query()
 4 APPPATH/Models/TarifOperationModel.php(50): CodeIgniter\Database\BaseBuilder->get()
 5 APPPATH/Models/TarifOperationModel.php(29): App\Models\TarifOperationModel->getPromotion()
 6 APPPATH/Controllers/TransactionController.php(182): App\Models\TarifOperationModel->getTarif()
 7 SYSTEMPATH/CodeIgniter.php(951): App\Controllers\TransactionController->getFraisTransfert()
 8 SYSTEMPATH/CodeIgniter.php(497): CodeIgniter\CodeIgniter->runController()
 9 SYSTEMPATH/CodeIgniter.php(340): CodeIgniter\CodeIgniter->handleRequest()
10 SYSTEMPATH/Boot.php(417): CodeIgniter\CodeIgniter->run()
11 SYSTEMPATH/Boot.php(68): CodeIgniter\Boot::runCodeIgniter()
12 FCPATH/index.php(59): CodeIgniter\Boot::bootWeb()
13 SYSTEMPATH/rewrite.php(44): require_once('/home/tomefy/Documents/SI/MobileMoney/public/index.php')
CRITICAL - 2026-07-21 07:19:52 --> [Caused by] SQLite3Exception: Unable to prepare statement: no such table: t_promotion
in SYSTEMPATH/Database/SQLite3/Connection.php on line 164.
 1 SYSTEMPATH/Database/SQLite3/Connection.php(164): SQLite3->query()
 2 SYSTEMPATH/Database/BaseConnection.php(910): CodeIgniter\Database\SQLite3\Connection->execute()
 3 SYSTEMPATH/Database/BaseConnection.php(827): CodeIgniter\Database\BaseConnection->simpleQuery()
 4 SYSTEMPATH/Database/BaseBuilder.php(1649): CodeIgniter\Database\BaseConnection->query()
 5 APPPATH/Models/TarifOperationModel.php(50): CodeIgniter\Database\BaseBuilder->get()
 6 APPPATH/Models/TarifOperationModel.php(29): App\Models\TarifOperationModel->getPromotion()
 7 APPPATH/Controllers/TransactionController.php(182): App\Models\TarifOperationModel->getTarif()
 8 SYSTEMPATH/CodeIgniter.php(951): App\Controllers\TransactionController->getFraisTransfert()
 9 SYSTEMPATH/CodeIgniter.php(497): CodeIgniter\CodeIgniter->runController()
10 SYSTEMPATH/CodeIgniter.php(340): CodeIgniter\CodeIgniter->handleRequest()
11 SYSTEMPATH/Boot.php(417): CodeIgniter\CodeIgniter->run()
12 SYSTEMPATH/Boot.php(68): CodeIgniter\Boot::runCodeIgniter()
13 FCPATH/index.php(59): CodeIgniter\Boot::bootWeb()
14 SYSTEMPATH/rewrite.php(44): require_once('/home/tomefy/Documents/SI/MobileMoney/public/index.php')
ERROR - 2026-07-21 07:19:54 --> Unable to prepare statement: no such table: t_promotion
in SYSTEMPATH/Database/SQLite3/Connection.php on line 164.
 1 SYSTEMPATH/Database/SQLite3/Connection.php(164): SQLite3->query()
 2 SYSTEMPATH/Database/BaseConnection.php(910): CodeIgniter\Database\SQLite3\Connection->execute()
 3 SYSTEMPATH/Database/BaseConnection.php(827): CodeIgniter\Database\BaseConnection->simpleQuery()
 4 SYSTEMPATH/Database/BaseBuilder.php(1649): CodeIgniter\Database\BaseConnection->query()
 5 APPPATH/Models/TarifOperationModel.php(50): CodeIgniter\Database\BaseBuilder->get()
 6 APPPATH/Models/TarifOperationModel.php(29): App\Models\TarifOperationModel->getPromotion()
 7 APPPATH/Controllers/TransactionController.php(182): App\Models\TarifOperationModel->getTarif()
 8 SYSTEMPATH/CodeIgniter.php(951): App\Controllers\TransactionController->getFraisTransfert()
 9 SYSTEMPATH/CodeIgniter.php(497): CodeIgniter\CodeIgniter->runController()
10 SYSTEMPATH/CodeIgniter.php(340): CodeIgniter\CodeIgniter->handleRequest()
11 SYSTEMPATH/Boot.php(417): CodeIgniter\CodeIgniter->run()
12 SYSTEMPATH/Boot.php(68): CodeIgniter\Boot::runCodeIgniter()
13 FCPATH/index.php(59): CodeIgniter\Boot::bootWeb()
14 SYSTEMPATH/rewrite.php(44): require_once('/home/tomefy/Documents/SI/MobileMoney/public/index.php')
CRITICAL - 2026-07-21 07:19:54 --> CodeIgniter\Database\Exceptions\DatabaseException: Unable to prepare statement: no such table: t_promotion
[Method: GET, Route: client/get-frais-transfert]
in SYSTEMPATH/Database/BaseConnection.php on line 865.
 1 SYSTEMPATH/Database/BaseBuilder.php(1649): CodeIgniter\Database\BaseConnection->query()
 2 APPPATH/Models/TarifOperationModel.php(50): CodeIgniter\Database\BaseBuilder->get()
 3 APPPATH/Models/TarifOperationModel.php(29): App\Models\TarifOperationModel->getPromotion()
 4 APPPATH/Controllers/TransactionController.php(182): App\Models\TarifOperationModel->getTarif()
 5 SYSTEMPATH/CodeIgniter.php(951): App\Controllers\TransactionController->getFraisTransfert()
 6 SYSTEMPATH/CodeIgniter.php(497): CodeIgniter\CodeIgniter->runController()
 7 SYSTEMPATH/CodeIgniter.php(340): CodeIgniter\CodeIgniter->handleRequest()
 8 SYSTEMPATH/Boot.php(417): CodeIgniter\CodeIgniter->run()
 9 SYSTEMPATH/Boot.php(68): CodeIgniter\Boot::runCodeIgniter()
10 FCPATH/index.php(59): CodeIgniter\Boot::bootWeb()
11 SYSTEMPATH/rewrite.php(44): require_once('/home/tomefy/Documents/SI/MobileMoney/public/index.php')
CRITICAL - 2026-07-21 07:19:54 --> [Caused by] CodeIgniter\Database\Exceptions\DatabaseException: Unable to prepare statement: no such table: t_promotion
in SYSTEMPATH/Database/SQLite3/Connection.php on line 174.
 1 SYSTEMPATH/Database/BaseConnection.php(910): CodeIgniter\Database\SQLite3\Connection->execute()
 2 SYSTEMPATH/Database/BaseConnection.php(827): CodeIgniter\Database\BaseConnection->simpleQuery()
 3 SYSTEMPATH/Database/BaseBuilder.php(1649): CodeIgniter\Database\BaseConnection->query()
 4 APPPATH/Models/TarifOperationModel.php(50): CodeIgniter\Database\BaseBuilder->get()
 5 APPPATH/Models/TarifOperationModel.php(29): App\Models\TarifOperationModel->getPromotion()
 6 APPPATH/Controllers/TransactionController.php(182): App\Models\TarifOperationModel->getTarif()
 7 SYSTEMPATH/CodeIgniter.php(951): App\Controllers\TransactionController->getFraisTransfert()
 8 SYSTEMPATH/CodeIgniter.php(497): CodeIgniter\CodeIgniter->runController()
 9 SYSTEMPATH/CodeIgniter.php(340): CodeIgniter\CodeIgniter->handleRequest()
10 SYSTEMPATH/Boot.php(417): CodeIgniter\CodeIgniter->run()
11 SYSTEMPATH/Boot.php(68): CodeIgniter\Boot::runCodeIgniter()
12 FCPATH/index.php(59): CodeIgniter\Boot::bootWeb()
13 SYSTEMPATH/rewrite.php(44): require_once('/home/tomefy/Documents/SI/MobileMoney/public/index.php')
CRITICAL - 2026-07-21 07:19:54 --> [Caused by] SQLite3Exception: Unable to prepare statement: no such table: t_promotion
in SYSTEMPATH/Database/SQLite3/Connection.php on line 164.
 1 SYSTEMPATH/Database/SQLite3/Connection.php(164): SQLite3->query()
 2 SYSTEMPATH/Database/BaseConnection.php(910): CodeIgniter\Database\SQLite3\Connection->execute()
 3 SYSTEMPATH/Database/BaseConnection.php(827): CodeIgniter\Database\BaseConnection->simpleQuery()
 4 SYSTEMPATH/Database/BaseBuilder.php(1649): CodeIgniter\Database\BaseConnection->query()
 5 APPPATH/Models/TarifOperationModel.php(50): CodeIgniter\Database\BaseBuilder->get()
 6 APPPATH/Models/TarifOperationModel.php(29): App\Models\TarifOperationModel->getPromotion()
 7 APPPATH/Controllers/TransactionController.php(182): App\Models\TarifOperationModel->getTarif()
 8 SYSTEMPATH/CodeIgniter.php(951): App\Controllers\TransactionController->getFraisTransfert()
 9 SYSTEMPATH/CodeIgniter.php(497): CodeIgniter\CodeIgniter->runController()
10 SYSTEMPATH/CodeIgniter.php(340): CodeIgniter\CodeIgniter->handleRequest()
11 SYSTEMPATH/Boot.php(417): CodeIgniter\CodeIgniter->run()
12 SYSTEMPATH/Boot.php(68): CodeIgniter\Boot::runCodeIgniter()
13 FCPATH/index.php(59): CodeIgniter\Boot::bootWeb()
14 SYSTEMPATH/rewrite.php(44): require_once('/home/tomefy/Documents/SI/MobileMoney/public/index.php')
ERROR - 2026-07-21 07:19:59 --> Unable to prepare statement: no such table: t_promotion
in SYSTEMPATH/Database/SQLite3/Connection.php on line 164.
 1 SYSTEMPATH/Database/SQLite3/Connection.php(164): SQLite3->query()
 2 SYSTEMPATH/Database/BaseConnection.php(910): CodeIgniter\Database\SQLite3\Connection->execute()
 3 SYSTEMPATH/Database/BaseConnection.php(827): CodeIgniter\Database\BaseConnection->simpleQuery()
 4 SYSTEMPATH/Database/BaseBuilder.php(1649): CodeIgniter\Database\BaseConnection->query()
 5 APPPATH/Models/TarifOperationModel.php(50): CodeIgniter\Database\BaseBuilder->get()
 6 APPPATH/Models/TarifOperationModel.php(29): App\Models\TarifOperationModel->getPromotion()
 7 APPPATH/Controllers/TransactionController.php(182): App\Models\TarifOperationModel->getTarif()
 8 SYSTEMPATH/CodeIgniter.php(951): App\Controllers\TransactionController->getFraisTransfert()
 9 SYSTEMPATH/CodeIgniter.php(497): CodeIgniter\CodeIgniter->runController()
10 SYSTEMPATH/CodeIgniter.php(340): CodeIgniter\CodeIgniter->handleRequest()
11 SYSTEMPATH/Boot.php(417): CodeIgniter\CodeIgniter->run()
12 SYSTEMPATH/Boot.php(68): CodeIgniter\Boot::runCodeIgniter()
13 FCPATH/index.php(59): CodeIgniter\Boot::bootWeb()
14 SYSTEMPATH/rewrite.php(44): require_once('/home/tomefy/Documents/SI/MobileMoney/public/index.php')
CRITICAL - 2026-07-21 07:19:59 --> CodeIgniter\Database\Exceptions\DatabaseException: Unable to prepare statement: no such table: t_promotion
[Method: GET, Route: client/get-frais-transfert]
in SYSTEMPATH/Database/BaseConnection.php on line 865.
 1 SYSTEMPATH/Database/BaseBuilder.php(1649): CodeIgniter\Database\BaseConnection->query()
 2 APPPATH/Models/TarifOperationModel.php(50): CodeIgniter\Database\BaseBuilder->get()
 3 APPPATH/Models/TarifOperationModel.php(29): App\Models\TarifOperationModel->getPromotion()
 4 APPPATH/Controllers/TransactionController.php(182): App\Models\TarifOperationModel->getTarif()
 5 SYSTEMPATH/CodeIgniter.php(951): App\Controllers\TransactionController->getFraisTransfert()
 6 SYSTEMPATH/CodeIgniter.php(497): CodeIgniter\CodeIgniter->runController()
 7 SYSTEMPATH/CodeIgniter.php(340): CodeIgniter\CodeIgniter->handleRequest()
 8 SYSTEMPATH/Boot.php(417): CodeIgniter\CodeIgniter->run()
 9 SYSTEMPATH/Boot.php(68): CodeIgniter\Boot::runCodeIgniter()
10 FCPATH/index.php(59): CodeIgniter\Boot::bootWeb()
11 SYSTEMPATH/rewrite.php(44): require_once('/home/tomefy/Documents/SI/MobileMoney/public/index.php')
CRITICAL - 2026-07-21 07:19:59 --> [Caused by] CodeIgniter\Database\Exceptions\DatabaseException: Unable to prepare statement: no such table: t_promotion
in SYSTEMPATH/Database/SQLite3/Connection.php on line 174.
 1 SYSTEMPATH/Database/BaseConnection.php(910): CodeIgniter\Database\SQLite3\Connection->execute()
 2 SYSTEMPATH/Database/BaseConnection.php(827): CodeIgniter\Database\BaseConnection->simpleQuery()
 3 SYSTEMPATH/Database/BaseBuilder.php(1649): CodeIgniter\Database\BaseConnection->query()
 4 APPPATH/Models/TarifOperationModel.php(50): CodeIgniter\Database\BaseBuilder->get()
 5 APPPATH/Models/TarifOperationModel.php(29): App\Models\TarifOperationModel->getPromotion()
 6 APPPATH/Controllers/TransactionController.php(182): App\Models\TarifOperationModel->getTarif()
 7 SYSTEMPATH/CodeIgniter.php(951): App\Controllers\TransactionController->getFraisTransfert()
 8 SYSTEMPATH/CodeIgniter.php(497): CodeIgniter\CodeIgniter->runController()
 9 SYSTEMPATH/CodeIgniter.php(340): CodeIgniter\CodeIgniter->handleRequest()
10 SYSTEMPATH/Boot.php(417): CodeIgniter\CodeIgniter->run()
11 SYSTEMPATH/Boot.php(68): CodeIgniter\Boot::runCodeIgniter()
12 FCPATH/index.php(59): CodeIgniter\Boot::bootWeb()
13 SYSTEMPATH/rewrite.php(44): require_once('/home/tomefy/Documents/SI/MobileMoney/public/index.php')
CRITICAL - 2026-07-21 07:19:59 --> [Caused by] SQLite3Exception: Unable to prepare statement: no such table: t_promotion
in SYSTEMPATH/Database/SQLite3/Connection.php on line 164.
 1 SYSTEMPATH/Database/SQLite3/Connection.php(164): SQLite3->query()
 2 SYSTEMPATH/Database/BaseConnection.php(910): CodeIgniter\Database\SQLite3\Connection->execute()
 3 SYSTEMPATH/Database/BaseConnection.php(827): CodeIgniter\Database\BaseConnection->simpleQuery()
 4 SYSTEMPATH/Database/BaseBuilder.php(1649): CodeIgniter\Database\BaseConnection->query()
 5 APPPATH/Models/TarifOperationModel.php(50): CodeIgniter\Database\BaseBuilder->get()
 6 APPPATH/Models/TarifOperationModel.php(29): App\Models\TarifOperationModel->getPromotion()
 7 APPPATH/Controllers/TransactionController.php(182): App\Models\TarifOperationModel->getTarif()
 8 SYSTEMPATH/CodeIgniter.php(951): App\Controllers\TransactionController->getFraisTransfert()
 9 SYSTEMPATH/CodeIgniter.php(497): CodeIgniter\CodeIgniter->runController()
10 SYSTEMPATH/CodeIgniter.php(340): CodeIgniter\CodeIgniter->handleRequest()
11 SYSTEMPATH/Boot.php(417): CodeIgniter\CodeIgniter->run()
12 SYSTEMPATH/Boot.php(68): CodeIgniter\Boot::runCodeIgniter()
13 FCPATH/index.php(59): CodeIgniter\Boot::bootWeb()
14 SYSTEMPATH/rewrite.php(44): require_once('/home/tomefy/Documents/SI/MobileMoney/public/index.php')
ERROR - 2026-07-21 07:19:59 --> Unable to prepare statement: no such table: t_promotion
in SYSTEMPATH/Database/SQLite3/Connection.php on line 164.
 1 SYSTEMPATH/Database/SQLite3/Connection.php(164): SQLite3->query()
 2 SYSTEMPATH/Database/BaseConnection.php(910): CodeIgniter\Database\SQLite3\Connection->execute()
 3 SYSTEMPATH/Database/BaseConnection.php(827): CodeIgniter\Database\BaseConnection->simpleQuery()
 4 SYSTEMPATH/Database/BaseBuilder.php(1649): CodeIgniter\Database\BaseConnection->query()
 5 APPPATH/Models/TarifOperationModel.php(50): CodeIgniter\Database\BaseBuilder->get()
 6 APPPATH/Models/TarifOperationModel.php(29): App\Models\TarifOperationModel->getPromotion()
 7 APPPATH/Controllers/TransactionController.php(182): App\Models\TarifOperationModel->getTarif()
 8 SYSTEMPATH/CodeIgniter.php(951): App\Controllers\TransactionController->getFraisTransfert()
 9 SYSTEMPATH/CodeIgniter.php(497): CodeIgniter\CodeIgniter->runController()
10 SYSTEMPATH/CodeIgniter.php(340): CodeIgniter\CodeIgniter->handleRequest()
11 SYSTEMPATH/Boot.php(417): CodeIgniter\CodeIgniter->run()
12 SYSTEMPATH/Boot.php(68): CodeIgniter\Boot::runCodeIgniter()
13 FCPATH/index.php(59): CodeIgniter\Boot::bootWeb()
14 SYSTEMPATH/rewrite.php(44): require_once('/home/tomefy/Documents/SI/MobileMoney/public/index.php')
CRITICAL - 2026-07-21 07:19:59 --> CodeIgniter\Database\Exceptions\DatabaseException: Unable to prepare statement: no such table: t_promotion
[Method: GET, Route: client/get-frais-transfert]
in SYSTEMPATH/Database/BaseConnection.php on line 865.
 1 SYSTEMPATH/Database/BaseBuilder.php(1649): CodeIgniter\Database\BaseConnection->query()
 2 APPPATH/Models/TarifOperationModel.php(50): CodeIgniter\Database\BaseBuilder->get()
 3 APPPATH/Models/TarifOperationModel.php(29): App\Models\TarifOperationModel->getPromotion()
 4 APPPATH/Controllers/TransactionController.php(182): App\Models\TarifOperationModel->getTarif()
 5 SYSTEMPATH/CodeIgniter.php(951): App\Controllers\TransactionController->getFraisTransfert()
 6 SYSTEMPATH/CodeIgniter.php(497): CodeIgniter\CodeIgniter->runController()
 7 SYSTEMPATH/CodeIgniter.php(340): CodeIgniter\CodeIgniter->handleRequest()
 8 SYSTEMPATH/Boot.php(417): CodeIgniter\CodeIgniter->run()
 9 SYSTEMPATH/Boot.php(68): CodeIgniter\Boot::runCodeIgniter()
10 FCPATH/index.php(59): CodeIgniter\Boot::bootWeb()
11 SYSTEMPATH/rewrite.php(44): require_once('/home/tomefy/Documents/SI/MobileMoney/public/index.php')
CRITICAL - 2026-07-21 07:19:59 --> [Caused by] CodeIgniter\Database\Exceptions\DatabaseException: Unable to prepare statement: no such table: t_promotion
in SYSTEMPATH/Database/SQLite3/Connection.php on line 174.
 1 SYSTEMPATH/Database/BaseConnection.php(910): CodeIgniter\Database\SQLite3\Connection->execute()
 2 SYSTEMPATH/Database/BaseConnection.php(827): CodeIgniter\Database\BaseConnection->simpleQuery()
 3 SYSTEMPATH/Database/BaseBuilder.php(1649): CodeIgniter\Database\BaseConnection->query()
 4 APPPATH/Models/TarifOperationModel.php(50): CodeIgniter\Database\BaseBuilder->get()
 5 APPPATH/Models/TarifOperationModel.php(29): App\Models\TarifOperationModel->getPromotion()
 6 APPPATH/Controllers/TransactionController.php(182): App\Models\TarifOperationModel->getTarif()
 7 SYSTEMPATH/CodeIgniter.php(951): App\Controllers\TransactionController->getFraisTransfert()
 8 SYSTEMPATH/CodeIgniter.php(497): CodeIgniter\CodeIgniter->runController()
 9 SYSTEMPATH/CodeIgniter.php(340): CodeIgniter\CodeIgniter->handleRequest()
10 SYSTEMPATH/Boot.php(417): CodeIgniter\CodeIgniter->run()
11 SYSTEMPATH/Boot.php(68): CodeIgniter\Boot::runCodeIgniter()
12 FCPATH/index.php(59): CodeIgniter\Boot::bootWeb()
13 SYSTEMPATH/rewrite.php(44): require_once('/home/tomefy/Documents/SI/MobileMoney/public/index.php')
CRITICAL - 2026-07-21 07:19:59 --> [Caused by] SQLite3Exception: Unable to prepare statement: no such table: t_promotion
in SYSTEMPATH/Database/SQLite3/Connection.php on line 164.
 1 SYSTEMPATH/Database/SQLite3/Connection.php(164): SQLite3->query()
 2 SYSTEMPATH/Database/BaseConnection.php(910): CodeIgniter\Database\SQLite3\Connection->execute()
 3 SYSTEMPATH/Database/BaseConnection.php(827): CodeIgniter\Database\BaseConnection->simpleQuery()
 4 SYSTEMPATH/Database/BaseBuilder.php(1649): CodeIgniter\Database\BaseConnection->query()
 5 APPPATH/Models/TarifOperationModel.php(50): CodeIgniter\Database\BaseBuilder->get()
 6 APPPATH/Models/TarifOperationModel.php(29): App\Models\TarifOperationModel->getPromotion()
 7 APPPATH/Controllers/TransactionController.php(182): App\Models\TarifOperationModel->getTarif()
 8 SYSTEMPATH/CodeIgniter.php(951): App\Controllers\TransactionController->getFraisTransfert()
 9 SYSTEMPATH/CodeIgniter.php(497): CodeIgniter\CodeIgniter->runController()
10 SYSTEMPATH/CodeIgniter.php(340): CodeIgniter\CodeIgniter->handleRequest()
11 SYSTEMPATH/Boot.php(417): CodeIgniter\CodeIgniter->run()
12 SYSTEMPATH/Boot.php(68): CodeIgniter\Boot::runCodeIgniter()
13 FCPATH/index.php(59): CodeIgniter\Boot::bootWeb()
14 SYSTEMPATH/rewrite.php(44): require_once('/home/tomefy/Documents/SI/MobileMoney/public/index.php')
ERROR - 2026-07-21 07:20:01 --> Unable to prepare statement: no such table: t_promotion
in SYSTEMPATH/Database/SQLite3/Connection.php on line 164.
 1 SYSTEMPATH/Database/SQLite3/Connection.php(164): SQLite3->query()
 2 SYSTEMPATH/Database/BaseConnection.php(910): CodeIgniter\Database\SQLite3\Connection->execute()
 3 SYSTEMPATH/Database/BaseConnection.php(827): CodeIgniter\Database\BaseConnection->simpleQuery()
 4 SYSTEMPATH/Database/BaseBuilder.php(1649): CodeIgniter\Database\BaseConnection->query()
 5 APPPATH/Models/TarifOperationModel.php(50): CodeIgniter\Database\BaseBuilder->get()
 6 APPPATH/Models/TarifOperationModel.php(29): App\Models\TarifOperationModel->getPromotion()
 7 APPPATH/Controllers/TransactionController.php(182): App\Models\TarifOperationModel->getTarif()
 8 SYSTEMPATH/CodeIgniter.php(951): App\Controllers\TransactionController->getFraisTransfert()
 9 SYSTEMPATH/CodeIgniter.php(497): CodeIgniter\CodeIgniter->runController()
10 SYSTEMPATH/CodeIgniter.php(340): CodeIgniter\CodeIgniter->handleRequest()
11 SYSTEMPATH/Boot.php(417): CodeIgniter\CodeIgniter->run()
12 SYSTEMPATH/Boot.php(68): CodeIgniter\Boot::runCodeIgniter()
13 FCPATH/index.php(59): CodeIgniter\Boot::bootWeb()
14 SYSTEMPATH/rewrite.php(44): require_once('/home/tomefy/Documents/SI/MobileMoney/public/index.php')
CRITICAL - 2026-07-21 07:20:01 --> CodeIgniter\Database\Exceptions\DatabaseException: Unable to prepare statement: no such table: t_promotion
[Method: GET, Route: client/get-frais-transfert]
in SYSTEMPATH/Database/BaseConnection.php on line 865.
 1 SYSTEMPATH/Database/BaseBuilder.php(1649): CodeIgniter\Database\BaseConnection->query()
 2 APPPATH/Models/TarifOperationModel.php(50): CodeIgniter\Database\BaseBuilder->get()
 3 APPPATH/Models/TarifOperationModel.php(29): App\Models\TarifOperationModel->getPromotion()
 4 APPPATH/Controllers/TransactionController.php(182): App\Models\TarifOperationModel->getTarif()
 5 SYSTEMPATH/CodeIgniter.php(951): App\Controllers\TransactionController->getFraisTransfert()
 6 SYSTEMPATH/CodeIgniter.php(497): CodeIgniter\CodeIgniter->runController()
 7 SYSTEMPATH/CodeIgniter.php(340): CodeIgniter\CodeIgniter->handleRequest()
 8 SYSTEMPATH/Boot.php(417): CodeIgniter\CodeIgniter->run()
 9 SYSTEMPATH/Boot.php(68): CodeIgniter\Boot::runCodeIgniter()
10 FCPATH/index.php(59): CodeIgniter\Boot::bootWeb()
11 SYSTEMPATH/rewrite.php(44): require_once('/home/tomefy/Documents/SI/MobileMoney/public/index.php')
CRITICAL - 2026-07-21 07:20:01 --> [Caused by] CodeIgniter\Database\Exceptions\DatabaseException: Unable to prepare statement: no such table: t_promotion
in SYSTEMPATH/Database/SQLite3/Connection.php on line 174.
 1 SYSTEMPATH/Database/BaseConnection.php(910): CodeIgniter\Database\SQLite3\Connection->execute()
 2 SYSTEMPATH/Database/BaseConnection.php(827): CodeIgniter\Database\BaseConnection->simpleQuery()
 3 SYSTEMPATH/Database/BaseBuilder.php(1649): CodeIgniter\Database\BaseConnection->query()
 4 APPPATH/Models/TarifOperationModel.php(50): CodeIgniter\Database\BaseBuilder->get()
 5 APPPATH/Models/TarifOperationModel.php(29): App\Models\TarifOperationModel->getPromotion()
 6 APPPATH/Controllers/TransactionController.php(182): App\Models\TarifOperationModel->getTarif()
 7 SYSTEMPATH/CodeIgniter.php(951): App\Controllers\TransactionController->getFraisTransfert()
 8 SYSTEMPATH/CodeIgniter.php(497): CodeIgniter\CodeIgniter->runController()
 9 SYSTEMPATH/CodeIgniter.php(340): CodeIgniter\CodeIgniter->handleRequest()
10 SYSTEMPATH/Boot.php(417): CodeIgniter\CodeIgniter->run()
11 SYSTEMPATH/Boot.php(68): CodeIgniter\Boot::runCodeIgniter()
12 FCPATH/index.php(59): CodeIgniter\Boot::bootWeb()
13 SYSTEMPATH/rewrite.php(44): require_once('/home/tomefy/Documents/SI/MobileMoney/public/index.php')
CRITICAL - 2026-07-21 07:20:01 --> [Caused by] SQLite3Exception: Unable to prepare statement: no such table: t_promotion
in SYSTEMPATH/Database/SQLite3/Connection.php on line 164.
 1 SYSTEMPATH/Database/SQLite3/Connection.php(164): SQLite3->query()
 2 SYSTEMPATH/Database/BaseConnection.php(910): CodeIgniter\Database\SQLite3\Connection->execute()
 3 SYSTEMPATH/Database/BaseConnection.php(827): CodeIgniter\Database\BaseConnection->simpleQuery()
 4 SYSTEMPATH/Database/BaseBuilder.php(1649): CodeIgniter\Database\BaseConnection->query()
 5 APPPATH/Models/TarifOperationModel.php(50): CodeIgniter\Database\BaseBuilder->get()
 6 APPPATH/Models/TarifOperationModel.php(29): App\Models\TarifOperationModel->getPromotion()
 7 APPPATH/Controllers/TransactionController.php(182): App\Models\TarifOperationModel->getTarif()
 8 SYSTEMPATH/CodeIgniter.php(951): App\Controllers\TransactionController->getFraisTransfert()
 9 SYSTEMPATH/CodeIgniter.php(497): CodeIgniter\CodeIgniter->runController()
10 SYSTEMPATH/CodeIgniter.php(340): CodeIgniter\CodeIgniter->handleRequest()
11 SYSTEMPATH/Boot.php(417): CodeIgniter\CodeIgniter->run()
12 SYSTEMPATH/Boot.php(68): CodeIgniter\Boot::runCodeIgniter()
13 FCPATH/index.php(59): CodeIgniter\Boot::bootWeb()
14 SYSTEMPATH/rewrite.php(44): require_once('/home/tomefy/Documents/SI/MobileMoney/public/index.php')
ERROR - 2026-07-21 07:20:01 --> Unable to prepare statement: no such table: t_promotion
in SYSTEMPATH/Database/SQLite3/Connection.php on line 164.
 1 SYSTEMPATH/Database/SQLite3/Connection.php(164): SQLite3->query()
 2 SYSTEMPATH/Database/BaseConnection.php(910): CodeIgniter\Database\SQLite3\Connection->execute()
 3 SYSTEMPATH/Database/BaseConnection.php(827): CodeIgniter\Database\BaseConnection->simpleQuery()
 4 SYSTEMPATH/Database/BaseBuilder.php(1649): CodeIgniter\Database\BaseConnection->query()
 5 APPPATH/Models/TarifOperationModel.php(50): CodeIgniter\Database\BaseBuilder->get()
 6 APPPATH/Models/TarifOperationModel.php(29): App\Models\TarifOperationModel->getPromotion()
 7 APPPATH/Controllers/TransactionController.php(182): App\Models\TarifOperationModel->getTarif()
 8 SYSTEMPATH/CodeIgniter.php(951): App\Controllers\TransactionController->getFraisTransfert()
 9 SYSTEMPATH/CodeIgniter.php(497): CodeIgniter\CodeIgniter->runController()
10 SYSTEMPATH/CodeIgniter.php(340): CodeIgniter\CodeIgniter->handleRequest()
11 SYSTEMPATH/Boot.php(417): CodeIgniter\CodeIgniter->run()
12 SYSTEMPATH/Boot.php(68): CodeIgniter\Boot::runCodeIgniter()
13 FCPATH/index.php(59): CodeIgniter\Boot::bootWeb()
14 SYSTEMPATH/rewrite.php(44): require_once('/home/tomefy/Documents/SI/MobileMoney/public/index.php')
CRITICAL - 2026-07-21 07:20:01 --> CodeIgniter\Database\Exceptions\DatabaseException: Unable to prepare statement: no such table: t_promotion
[Method: GET, Route: client/get-frais-transfert]
in SYSTEMPATH/Database/BaseConnection.php on line 865.
 1 SYSTEMPATH/Database/BaseBuilder.php(1649): CodeIgniter\Database\BaseConnection->query()
 2 APPPATH/Models/TarifOperationModel.php(50): CodeIgniter\Database\BaseBuilder->get()
 3 APPPATH/Models/TarifOperationModel.php(29): App\Models\TarifOperationModel->getPromotion()
 4 APPPATH/Controllers/TransactionController.php(182): App\Models\TarifOperationModel->getTarif()
 5 SYSTEMPATH/CodeIgniter.php(951): App\Controllers\TransactionController->getFraisTransfert()
 6 SYSTEMPATH/CodeIgniter.php(497): CodeIgniter\CodeIgniter->runController()
 7 SYSTEMPATH/CodeIgniter.php(340): CodeIgniter\CodeIgniter->handleRequest()
 8 SYSTEMPATH/Boot.php(417): CodeIgniter\CodeIgniter->run()
 9 SYSTEMPATH/Boot.php(68): CodeIgniter\Boot::runCodeIgniter()
10 FCPATH/index.php(59): CodeIgniter\Boot::bootWeb()
11 SYSTEMPATH/rewrite.php(44): require_once('/home/tomefy/Documents/SI/MobileMoney/public/index.php')
CRITICAL - 2026-07-21 07:20:01 --> [Caused by] CodeIgniter\Database\Exceptions\DatabaseException: Unable to prepare statement: no such table: t_promotion
in SYSTEMPATH/Database/SQLite3/Connection.php on line 174.
 1 SYSTEMPATH/Database/BaseConnection.php(910): CodeIgniter\Database\SQLite3\Connection->execute()
 2 SYSTEMPATH/Database/BaseConnection.php(827): CodeIgniter\Database\BaseConnection->simpleQuery()
 3 SYSTEMPATH/Database/BaseBuilder.php(1649): CodeIgniter\Database\BaseConnection->query()
 4 APPPATH/Models/TarifOperationModel.php(50): CodeIgniter\Database\BaseBuilder->get()
 5 APPPATH/Models/TarifOperationModel.php(29): App\Models\TarifOperationModel->getPromotion()
 6 APPPATH/Controllers/TransactionController.php(182): App\Models\TarifOperationModel->getTarif()
 7 SYSTEMPATH/CodeIgniter.php(951): App\Controllers\TransactionController->getFraisTransfert()
 8 SYSTEMPATH/CodeIgniter.php(497): CodeIgniter\CodeIgniter->runController()
 9 SYSTEMPATH/CodeIgniter.php(340): CodeIgniter\CodeIgniter->handleRequest()
10 SYSTEMPATH/Boot.php(417): CodeIgniter\CodeIgniter->run()
11 SYSTEMPATH/Boot.php(68): CodeIgniter\Boot::runCodeIgniter()
12 FCPATH/index.php(59): CodeIgniter\Boot::bootWeb()
13 SYSTEMPATH/rewrite.php(44): require_once('/home/tomefy/Documents/SI/MobileMoney/public/index.php')
CRITICAL - 2026-07-21 07:20:01 --> [Caused by] SQLite3Exception: Unable to prepare statement: no such table: t_promotion
in SYSTEMPATH/Database/SQLite3/Connection.php on line 164.
 1 SYSTEMPATH/Database/SQLite3/Connection.php(164): SQLite3->query()
 2 SYSTEMPATH/Database/BaseConnection.php(910): CodeIgniter\Database\SQLite3\Connection->execute()
 3 SYSTEMPATH/Database/BaseConnection.php(827): CodeIgniter\Database\BaseConnection->simpleQuery()
 4 SYSTEMPATH/Database/BaseBuilder.php(1649): CodeIgniter\Database\BaseConnection->query()
 5 APPPATH/Models/TarifOperationModel.php(50): CodeIgniter\Database\BaseBuilder->get()
 6 APPPATH/Models/TarifOperationModel.php(29): App\Models\TarifOperationModel->getPromotion()
 7 APPPATH/Controllers/TransactionController.php(182): App\Models\TarifOperationModel->getTarif()
 8 SYSTEMPATH/CodeIgniter.php(951): App\Controllers\TransactionController->getFraisTransfert()
 9 SYSTEMPATH/CodeIgniter.php(497): CodeIgniter\CodeIgniter->runController()
10 SYSTEMPATH/CodeIgniter.php(340): CodeIgniter\CodeIgniter->handleRequest()
11 SYSTEMPATH/Boot.php(417): CodeIgniter\CodeIgniter->run()
12 SYSTEMPATH/Boot.php(68): CodeIgniter\Boot::runCodeIgniter()
13 FCPATH/index.php(59): CodeIgniter\Boot::bootWeb()
14 SYSTEMPATH/rewrite.php(44): require_once('/home/tomefy/Documents/SI/MobileMoney/public/index.php')
ERROR - 2026-07-21 07:20:01 --> Unable to prepare statement: no such table: t_promotion
in SYSTEMPATH/Database/SQLite3/Connection.php on line 164.
 1 SYSTEMPATH/Database/SQLite3/Connection.php(164): SQLite3->query()
 2 SYSTEMPATH/Database/BaseConnection.php(910): CodeIgniter\Database\SQLite3\Connection->execute()
 3 SYSTEMPATH/Database/BaseConnection.php(827): CodeIgniter\Database\BaseConnection->simpleQuery()
 4 SYSTEMPATH/Database/BaseBuilder.php(1649): CodeIgniter\Database\BaseConnection->query()
 5 APPPATH/Models/TarifOperationModel.php(50): CodeIgniter\Database\BaseBuilder->get()
 6 APPPATH/Models/TarifOperationModel.php(29): App\Models\TarifOperationModel->getPromotion()
 7 APPPATH/Controllers/TransactionController.php(182): App\Models\TarifOperationModel->getTarif()
 8 SYSTEMPATH/CodeIgniter.php(951): App\Controllers\TransactionController->getFraisTransfert()
 9 SYSTEMPATH/CodeIgniter.php(497): CodeIgniter\CodeIgniter->runController()
10 SYSTEMPATH/CodeIgniter.php(340): CodeIgniter\CodeIgniter->handleRequest()
11 SYSTEMPATH/Boot.php(417): CodeIgniter\CodeIgniter->run()
12 SYSTEMPATH/Boot.php(68): CodeIgniter\Boot::runCodeIgniter()
13 FCPATH/index.php(59): CodeIgniter\Boot::bootWeb()
14 SYSTEMPATH/rewrite.php(44): require_once('/home/tomefy/Documents/SI/MobileMoney/public/index.php')
CRITICAL - 2026-07-21 07:20:01 --> CodeIgniter\Database\Exceptions\DatabaseException: Unable to prepare statement: no such table: t_promotion
[Method: GET, Route: client/get-frais-transfert]
in SYSTEMPATH/Database/BaseConnection.php on line 865.
 1 SYSTEMPATH/Database/BaseBuilder.php(1649): CodeIgniter\Database\BaseConnection->query()
 2 APPPATH/Models/TarifOperationModel.php(50): CodeIgniter\Database\BaseBuilder->get()
 3 APPPATH/Models/TarifOperationModel.php(29): App\Models\TarifOperationModel->getPromotion()
 4 APPPATH/Controllers/TransactionController.php(182): App\Models\TarifOperationModel->getTarif()
 5 SYSTEMPATH/CodeIgniter.php(951): App\Controllers\TransactionController->getFraisTransfert()
 6 SYSTEMPATH/CodeIgniter.php(497): CodeIgniter\CodeIgniter->runController()
 7 SYSTEMPATH/CodeIgniter.php(340): CodeIgniter\CodeIgniter->handleRequest()
 8 SYSTEMPATH/Boot.php(417): CodeIgniter\CodeIgniter->run()
 9 SYSTEMPATH/Boot.php(68): CodeIgniter\Boot::runCodeIgniter()
10 FCPATH/index.php(59): CodeIgniter\Boot::bootWeb()
11 SYSTEMPATH/rewrite.php(44): require_once('/home/tomefy/Documents/SI/MobileMoney/public/index.php')
CRITICAL - 2026-07-21 07:20:01 --> [Caused by] CodeIgniter\Database\Exceptions\DatabaseException: Unable to prepare statement: no such table: t_promotion
in SYSTEMPATH/Database/SQLite3/Connection.php on line 174.
 1 SYSTEMPATH/Database/BaseConnection.php(910): CodeIgniter\Database\SQLite3\Connection->execute()
 2 SYSTEMPATH/Database/BaseConnection.php(827): CodeIgniter\Database\BaseConnection->simpleQuery()
 3 SYSTEMPATH/Database/BaseBuilder.php(1649): CodeIgniter\Database\BaseConnection->query()
 4 APPPATH/Models/TarifOperationModel.php(50): CodeIgniter\Database\BaseBuilder->get()
 5 APPPATH/Models/TarifOperationModel.php(29): App\Models\TarifOperationModel->getPromotion()
 6 APPPATH/Controllers/TransactionController.php(182): App\Models\TarifOperationModel->getTarif()
 7 SYSTEMPATH/CodeIgniter.php(951): App\Controllers\TransactionController->getFraisTransfert()
 8 SYSTEMPATH/CodeIgniter.php(497): CodeIgniter\CodeIgniter->runController()
 9 SYSTEMPATH/CodeIgniter.php(340): CodeIgniter\CodeIgniter->handleRequest()
10 SYSTEMPATH/Boot.php(417): CodeIgniter\CodeIgniter->run()
11 SYSTEMPATH/Boot.php(68): CodeIgniter\Boot::runCodeIgniter()
12 FCPATH/index.php(59): CodeIgniter\Boot::bootWeb()
13 SYSTEMPATH/rewrite.php(44): require_once('/home/tomefy/Documents/SI/MobileMoney/public/index.php')
CRITICAL - 2026-07-21 07:20:01 --> [Caused by] SQLite3Exception: Unable to prepare statement: no such table: t_promotion
in SYSTEMPATH/Database/SQLite3/Connection.php on line 164.
 1 SYSTEMPATH/Database/SQLite3/Connection.php(164): SQLite3->query()
 2 SYSTEMPATH/Database/BaseConnection.php(910): CodeIgniter\Database\SQLite3\Connection->execute()
 3 SYSTEMPATH/Database/BaseConnection.php(827): CodeIgniter\Database\BaseConnection->simpleQuery()
 4 SYSTEMPATH/Database/BaseBuilder.php(1649): CodeIgniter\Database\BaseConnection->query()
 5 APPPATH/Models/TarifOperationModel.php(50): CodeIgniter\Database\BaseBuilder->get()
 6 APPPATH/Models/TarifOperationModel.php(29): App\Models\TarifOperationModel->getPromotion()
 7 APPPATH/Controllers/TransactionController.php(182): App\Models\TarifOperationModel->getTarif()
 8 SYSTEMPATH/CodeIgniter.php(951): App\Controllers\TransactionController->getFraisTransfert()
 9 SYSTEMPATH/CodeIgniter.php(497): CodeIgniter\CodeIgniter->runController()
10 SYSTEMPATH/CodeIgniter.php(340): CodeIgniter\CodeIgniter->handleRequest()
11 SYSTEMPATH/Boot.php(417): CodeIgniter\CodeIgniter->run()
12 SYSTEMPATH/Boot.php(68): CodeIgniter\Boot::runCodeIgniter()
13 FCPATH/index.php(59): CodeIgniter\Boot::bootWeb()
14 SYSTEMPATH/rewrite.php(44): require_once('/home/tomefy/Documents/SI/MobileMoney/public/index.php')
ERROR - 2026-07-21 07:20:02 --> Unable to prepare statement: no such table: t_promotion
in SYSTEMPATH/Database/SQLite3/Connection.php on line 164.
 1 SYSTEMPATH/Database/SQLite3/Connection.php(164): SQLite3->query()
 2 SYSTEMPATH/Database/BaseConnection.php(910): CodeIgniter\Database\SQLite3\Connection->execute()
 3 SYSTEMPATH/Database/BaseConnection.php(827): CodeIgniter\Database\BaseConnection->simpleQuery()
 4 SYSTEMPATH/Database/BaseBuilder.php(1649): CodeIgniter\Database\BaseConnection->query()
 5 APPPATH/Models/TarifOperationModel.php(50): CodeIgniter\Database\BaseBuilder->get()
 6 APPPATH/Models/TarifOperationModel.php(29): App\Models\TarifOperationModel->getPromotion()
 7 APPPATH/Controllers/TransactionController.php(182): App\Models\TarifOperationModel->getTarif()
 8 SYSTEMPATH/CodeIgniter.php(951): App\Controllers\TransactionController->getFraisTransfert()
 9 SYSTEMPATH/CodeIgniter.php(497): CodeIgniter\CodeIgniter->runController()
10 SYSTEMPATH/CodeIgniter.php(340): CodeIgniter\CodeIgniter->handleRequest()
11 SYSTEMPATH/Boot.php(417): CodeIgniter\CodeIgniter->run()
12 SYSTEMPATH/Boot.php(68): CodeIgniter\Boot::runCodeIgniter()
13 FCPATH/index.php(59): CodeIgniter\Boot::bootWeb()
14 SYSTEMPATH/rewrite.php(44): require_once('/home/tomefy/Documents/SI/MobileMoney/public/index.php')
CRITICAL - 2026-07-21 07:20:02 --> CodeIgniter\Database\Exceptions\DatabaseException: Unable to prepare statement: no such table: t_promotion
[Method: GET, Route: client/get-frais-transfert]
in SYSTEMPATH/Database/BaseConnection.php on line 865.
 1 SYSTEMPATH/Database/BaseBuilder.php(1649): CodeIgniter\Database\BaseConnection->query()
 2 APPPATH/Models/TarifOperationModel.php(50): CodeIgniter\Database\BaseBuilder->get()
 3 APPPATH/Models/TarifOperationModel.php(29): App\Models\TarifOperationModel->getPromotion()
 4 APPPATH/Controllers/TransactionController.php(182): App\Models\TarifOperationModel->getTarif()
 5 SYSTEMPATH/CodeIgniter.php(951): App\Controllers\TransactionController->getFraisTransfert()
 6 SYSTEMPATH/CodeIgniter.php(497): CodeIgniter\CodeIgniter->runController()
 7 SYSTEMPATH/CodeIgniter.php(340): CodeIgniter\CodeIgniter->handleRequest()
 8 SYSTEMPATH/Boot.php(417): CodeIgniter\CodeIgniter->run()
 9 SYSTEMPATH/Boot.php(68): CodeIgniter\Boot::runCodeIgniter()
10 FCPATH/index.php(59): CodeIgniter\Boot::bootWeb()
11 SYSTEMPATH/rewrite.php(44): require_once('/home/tomefy/Documents/SI/MobileMoney/public/index.php')
CRITICAL - 2026-07-21 07:20:02 --> [Caused by] CodeIgniter\Database\Exceptions\DatabaseException: Unable to prepare statement: no such table: t_promotion
in SYSTEMPATH/Database/SQLite3/Connection.php on line 174.
 1 SYSTEMPATH/Database/BaseConnection.php(910): CodeIgniter\Database\SQLite3\Connection->execute()
 2 SYSTEMPATH/Database/BaseConnection.php(827): CodeIgniter\Database\BaseConnection->simpleQuery()
 3 SYSTEMPATH/Database/BaseBuilder.php(1649): CodeIgniter\Database\BaseConnection->query()
 4 APPPATH/Models/TarifOperationModel.php(50): CodeIgniter\Database\BaseBuilder->get()
 5 APPPATH/Models/TarifOperationModel.php(29): App\Models\TarifOperationModel->getPromotion()
 6 APPPATH/Controllers/TransactionController.php(182): App\Models\TarifOperationModel->getTarif()
 7 SYSTEMPATH/CodeIgniter.php(951): App\Controllers\TransactionController->getFraisTransfert()
 8 SYSTEMPATH/CodeIgniter.php(497): CodeIgniter\CodeIgniter->runController()
 9 SYSTEMPATH/CodeIgniter.php(340): CodeIgniter\CodeIgniter->handleRequest()
10 SYSTEMPATH/Boot.php(417): CodeIgniter\CodeIgniter->run()
11 SYSTEMPATH/Boot.php(68): CodeIgniter\Boot::runCodeIgniter()
12 FCPATH/index.php(59): CodeIgniter\Boot::bootWeb()
13 SYSTEMPATH/rewrite.php(44): require_once('/home/tomefy/Documents/SI/MobileMoney/public/index.php')
CRITICAL - 2026-07-21 07:20:02 --> [Caused by] SQLite3Exception: Unable to prepare statement: no such table: t_promotion
in SYSTEMPATH/Database/SQLite3/Connection.php on line 164.
 1 SYSTEMPATH/Database/SQLite3/Connection.php(164): SQLite3->query()
 2 SYSTEMPATH/Database/BaseConnection.php(910): CodeIgniter\Database\SQLite3\Connection->execute()
 3 SYSTEMPATH/Database/BaseConnection.php(827): CodeIgniter\Database\BaseConnection->simpleQuery()
 4 SYSTEMPATH/Database/BaseBuilder.php(1649): CodeIgniter\Database\BaseConnection->query()
 5 APPPATH/Models/TarifOperationModel.php(50): CodeIgniter\Database\BaseBuilder->get()
 6 APPPATH/Models/TarifOperationModel.php(29): App\Models\TarifOperationModel->getPromotion()
 7 APPPATH/Controllers/TransactionController.php(182): App\Models\TarifOperationModel->getTarif()
 8 SYSTEMPATH/CodeIgniter.php(951): App\Controllers\TransactionController->getFraisTransfert()
 9 SYSTEMPATH/CodeIgniter.php(497): CodeIgniter\CodeIgniter->runController()
10 SYSTEMPATH/CodeIgniter.php(340): CodeIgniter\CodeIgniter->handleRequest()
11 SYSTEMPATH/Boot.php(417): CodeIgniter\CodeIgniter->run()
12 SYSTEMPATH/Boot.php(68): CodeIgniter\Boot::runCodeIgniter()
13 FCPATH/index.php(59): CodeIgniter\Boot::bootWeb()
14 SYSTEMPATH/rewrite.php(44): require_once('/home/tomefy/Documents/SI/MobileMoney/public/index.php')
ERROR - 2026-07-21 07:20:02 --> Unable to prepare statement: no such table: t_promotion
in SYSTEMPATH/Database/SQLite3/Connection.php on line 164.
 1 SYSTEMPATH/Database/SQLite3/Connection.php(164): SQLite3->query()
 2 SYSTEMPATH/Database/BaseConnection.php(910): CodeIgniter\Database\SQLite3\Connection->execute()
 3 SYSTEMPATH/Database/BaseConnection.php(827): CodeIgniter\Database\BaseConnection->simpleQuery()
 4 SYSTEMPATH/Database/BaseBuilder.php(1649): CodeIgniter\Database\BaseConnection->query()
 5 APPPATH/Models/TarifOperationModel.php(50): CodeIgniter\Database\BaseBuilder->get()
 6 APPPATH/Models/TarifOperationModel.php(29): App\Models\TarifOperationModel->getPromotion()
 7 APPPATH/Controllers/TransactionController.php(182): App\Models\TarifOperationModel->getTarif()
 8 SYSTEMPATH/CodeIgniter.php(951): App\Controllers\TransactionController->getFraisTransfert()
 9 SYSTEMPATH/CodeIgniter.php(497): CodeIgniter\CodeIgniter->runController()
10 SYSTEMPATH/CodeIgniter.php(340): CodeIgniter\CodeIgniter->handleRequest()
11 SYSTEMPATH/Boot.php(417): CodeIgniter\CodeIgniter->run()
12 SYSTEMPATH/Boot.php(68): CodeIgniter\Boot::runCodeIgniter()
13 FCPATH/index.php(59): CodeIgniter\Boot::bootWeb()
14 SYSTEMPATH/rewrite.php(44): require_once('/home/tomefy/Documents/SI/MobileMoney/public/index.php')
CRITICAL - 2026-07-21 07:20:02 --> CodeIgniter\Database\Exceptions\DatabaseException: Unable to prepare statement: no such table: t_promotion
[Method: GET, Route: client/get-frais-transfert]
in SYSTEMPATH/Database/BaseConnection.php on line 865.
 1 SYSTEMPATH/Database/BaseBuilder.php(1649): CodeIgniter\Database\BaseConnection->query()
 2 APPPATH/Models/TarifOperationModel.php(50): CodeIgniter\Database\BaseBuilder->get()
 3 APPPATH/Models/TarifOperationModel.php(29): App\Models\TarifOperationModel->getPromotion()
 4 APPPATH/Controllers/TransactionController.php(182): App\Models\TarifOperationModel->getTarif()
 5 SYSTEMPATH/CodeIgniter.php(951): App\Controllers\TransactionController->getFraisTransfert()
 6 SYSTEMPATH/CodeIgniter.php(497): CodeIgniter\CodeIgniter->runController()
 7 SYSTEMPATH/CodeIgniter.php(340): CodeIgniter\CodeIgniter->handleRequest()
 8 SYSTEMPATH/Boot.php(417): CodeIgniter\CodeIgniter->run()
 9 SYSTEMPATH/Boot.php(68): CodeIgniter\Boot::runCodeIgniter()
10 FCPATH/index.php(59): CodeIgniter\Boot::bootWeb()
11 SYSTEMPATH/rewrite.php(44): require_once('/home/tomefy/Documents/SI/MobileMoney/public/index.php')
CRITICAL - 2026-07-21 07:20:02 --> [Caused by] CodeIgniter\Database\Exceptions\DatabaseException: Unable to prepare statement: no such table: t_promotion
in SYSTEMPATH/Database/SQLite3/Connection.php on line 174.
 1 SYSTEMPATH/Database/BaseConnection.php(910): CodeIgniter\Database\SQLite3\Connection->execute()
 2 SYSTEMPATH/Database/BaseConnection.php(827): CodeIgniter\Database\BaseConnection->simpleQuery()
 3 SYSTEMPATH/Database/BaseBuilder.php(1649): CodeIgniter\Database\BaseConnection->query()
 4 APPPATH/Models/TarifOperationModel.php(50): CodeIgniter\Database\BaseBuilder->get()
 5 APPPATH/Models/TarifOperationModel.php(29): App\Models\TarifOperationModel->getPromotion()
 6 APPPATH/Controllers/TransactionController.php(182): App\Models\TarifOperationModel->getTarif()
 7 SYSTEMPATH/CodeIgniter.php(951): App\Controllers\TransactionController->getFraisTransfert()
 8 SYSTEMPATH/CodeIgniter.php(497): CodeIgniter\CodeIgniter->runController()
 9 SYSTEMPATH/CodeIgniter.php(340): CodeIgniter\CodeIgniter->handleRequest()
10 SYSTEMPATH/Boot.php(417): CodeIgniter\CodeIgniter->run()
11 SYSTEMPATH/Boot.php(68): CodeIgniter\Boot::runCodeIgniter()
12 FCPATH/index.php(59): CodeIgniter\Boot::bootWeb()
13 SYSTEMPATH/rewrite.php(44): require_once('/home/tomefy/Documents/SI/MobileMoney/public/index.php')
CRITICAL - 2026-07-21 07:20:02 --> [Caused by] SQLite3Exception: Unable to prepare statement: no such table: t_promotion
in SYSTEMPATH/Database/SQLite3/Connection.php on line 164.
 1 SYSTEMPATH/Database/SQLite3/Connection.php(164): SQLite3->query()
 2 SYSTEMPATH/Database/BaseConnection.php(910): CodeIgniter\Database\SQLite3\Connection->execute()
 3 SYSTEMPATH/Database/BaseConnection.php(827): CodeIgniter\Database\BaseConnection->simpleQuery()
 4 SYSTEMPATH/Database/BaseBuilder.php(1649): CodeIgniter\Database\BaseConnection->query()
 5 APPPATH/Models/TarifOperationModel.php(50): CodeIgniter\Database\BaseBuilder->get()
 6 APPPATH/Models/TarifOperationModel.php(29): App\Models\TarifOperationModel->getPromotion()
 7 APPPATH/Controllers/TransactionController.php(182): App\Models\TarifOperationModel->getTarif()
 8 SYSTEMPATH/CodeIgniter.php(951): App\Controllers\TransactionController->getFraisTransfert()
 9 SYSTEMPATH/CodeIgniter.php(497): CodeIgniter\CodeIgniter->runController()
10 SYSTEMPATH/CodeIgniter.php(340): CodeIgniter\CodeIgniter->handleRequest()
11 SYSTEMPATH/Boot.php(417): CodeIgniter\CodeIgniter->run()
12 SYSTEMPATH/Boot.php(68): CodeIgniter\Boot::runCodeIgniter()
13 FCPATH/index.php(59): CodeIgniter\Boot::bootWeb()
14 SYSTEMPATH/rewrite.php(44): require_once('/home/tomefy/Documents/SI/MobileMoney/public/index.php')
ERROR - 2026-07-21 07:21:22 --> Unable to prepare statement: no such table: t_promotion
in SYSTEMPATH/Database/SQLite3/Connection.php on line 164.
 1 SYSTEMPATH/Database/SQLite3/Connection.php(164): SQLite3->query()
 2 SYSTEMPATH/Database/BaseConnection.php(910): CodeIgniter\Database\SQLite3\Connection->execute()
 3 SYSTEMPATH/Database/BaseConnection.php(827): CodeIgniter\Database\BaseConnection->simpleQuery()
 4 SYSTEMPATH/Database/BaseBuilder.php(1649): CodeIgniter\Database\BaseConnection->query()
 5 APPPATH/Models/TarifOperationModel.php(50): CodeIgniter\Database\BaseBuilder->get()
 6 APPPATH/Models/TarifOperationModel.php(29): App\Models\TarifOperationModel->getPromotion()
 7 APPPATH/Models/TransactionModel.php(329): App\Models\TarifOperationModel->getTarif()
 8 APPPATH/Models/TransactionModel.php(104): App\Models\TransactionModel->checkSeuil()
 9 APPPATH/Controllers/TransactionController.php(50): App\Models\TransactionModel->deposer()
10 SYSTEMPATH/CodeIgniter.php(951): App\Controllers\TransactionController->saveDeposer()
11 SYSTEMPATH/CodeIgniter.php(497): CodeIgniter\CodeIgniter->runController()
12 SYSTEMPATH/CodeIgniter.php(340): CodeIgniter\CodeIgniter->handleRequest()
13 SYSTEMPATH/Boot.php(417): CodeIgniter\CodeIgniter->run()
14 SYSTEMPATH/Boot.php(68): CodeIgniter\Boot::runCodeIgniter()
15 FCPATH/index.php(59): CodeIgniter\Boot::bootWeb()
16 SYSTEMPATH/rewrite.php(44): require_once('/home/tomefy/Documents/SI/MobileMoney/public/index.php')
ERROR - 2026-07-21 07:21:58 --> Unable to prepare statement: no such table: t_promotion
in SYSTEMPATH/Database/SQLite3/Connection.php on line 164.
 1 SYSTEMPATH/Database/SQLite3/Connection.php(164): SQLite3->query()
 2 SYSTEMPATH/Database/BaseConnection.php(910): CodeIgniter\Database\SQLite3\Connection->execute()
 3 SYSTEMPATH/Database/BaseConnection.php(827): CodeIgniter\Database\BaseConnection->simpleQuery()
 4 SYSTEMPATH/Database/BaseBuilder.php(1649): CodeIgniter\Database\BaseConnection->query()
 5 APPPATH/Models/TarifOperationModel.php(50): CodeIgniter\Database\BaseBuilder->get()
 6 APPPATH/Models/TarifOperationModel.php(29): App\Models\TarifOperationModel->getPromotion()
 7 APPPATH/Models/TransactionModel.php(329): App\Models\TarifOperationModel->getTarif()
 8 APPPATH/Models/TransactionModel.php(104): App\Models\TransactionModel->checkSeuil()
 9 APPPATH/Controllers/TransactionController.php(50): App\Models\TransactionModel->deposer()
10 SYSTEMPATH/CodeIgniter.php(951): App\Controllers\TransactionController->saveDeposer()
11 SYSTEMPATH/CodeIgniter.php(497): CodeIgniter\CodeIgniter->runController()
12 SYSTEMPATH/CodeIgniter.php(340): CodeIgniter\CodeIgniter->handleRequest()
13 SYSTEMPATH/Boot.php(417): CodeIgniter\CodeIgniter->run()
14 SYSTEMPATH/Boot.php(68): CodeIgniter\Boot::runCodeIgniter()
15 FCPATH/index.php(59): CodeIgniter\Boot::bootWeb()
16 SYSTEMPATH/rewrite.php(44): require_once('/home/tomefy/Documents/SI/MobileMoney/public/index.php')
CRITICAL - 2026-07-21 07:22:47 --> Error: Cannot use object of type stdClass as array
[Method: POST, Route: client/deposer/save]
in APPPATH/Models/TarifOperationModel.php on line 30.
 1 APPPATH/Models/TransactionModel.php(329): App\Models\TarifOperationModel->getTarif()
 2 APPPATH/Models/TransactionModel.php(104): App\Models\TransactionModel->checkSeuil()
 3 APPPATH/Controllers/TransactionController.php(50): App\Models\TransactionModel->deposer()
 4 SYSTEMPATH/CodeIgniter.php(951): App\Controllers\TransactionController->saveDeposer()
 5 SYSTEMPATH/CodeIgniter.php(497): CodeIgniter\CodeIgniter->runController()
 6 SYSTEMPATH/CodeIgniter.php(340): CodeIgniter\CodeIgniter->handleRequest()
 7 SYSTEMPATH/Boot.php(417): CodeIgniter\CodeIgniter->run()
 8 SYSTEMPATH/Boot.php(68): CodeIgniter\Boot::runCodeIgniter()
 9 FCPATH/index.php(59): CodeIgniter\Boot::bootWeb()
10 SYSTEMPATH/rewrite.php(44): require_once('/home/tomefy/Documents/SI/MobileMoney/public/index.php')
